#! /usr/local/iverilog/bin/vvp
:ivl_version "11.0 (devel)" "(s20150603-642-g3bdb50da)";
:ivl_delay_selection "TYPICAL";
:vpi_time_precision - 12;
:vpi_module "system";
:vpi_module "vhdl_sys";
:vpi_module "vhdl_textio";
:vpi_module "v2005_math";
:vpi_module "va_math";
S_00000000001bdf10 .scope module, "cla16" "cla16" 2 45;
 .timescale -9 -12;
    .port_info 0 /INPUT 16 "a";
    .port_info 1 /INPUT 16 "b";
    .port_info 2 /INPUT 1 "cin";
    .port_info 3 /OUTPUT 16 "sum";
L_00000000015f8dd0 .functor XOR 1, L_00000000015ef130, L_00000000015efef0, C4<0>, C4<0>;
o0000000001592e78 .functor BUFZ 1, C4<z>; HiZ drive
L_00000000015f91c0 .functor XOR 1, L_00000000015f8dd0, o0000000001592e78, C4<0>, C4<0>;
v00000000015dc840_0 .net *"_s213", 0 0, L_00000000015eeaf0;  1 drivers
v00000000015dc340_0 .net *"_s215", 0 0, L_00000000015eff90;  1 drivers
v00000000015dbc60_0 .net *"_s217", 0 0, L_00000000015f00d0;  1 drivers
v00000000015dafe0_0 .net *"_s227", 0 0, L_00000000015ef130;  1 drivers
v00000000015dae00_0 .net *"_s229", 0 0, L_00000000015efef0;  1 drivers
v00000000015daf40_0 .net *"_s230", 0 0, L_00000000015f8dd0;  1 drivers
v00000000015dd2e0_0 .net *"_s232", 0 0, L_00000000015f91c0;  1 drivers
o0000000001596058 .functor BUFZ 1, C4<z>; HiZ drive
; Elide local net with no drivers, v00000000015dc160_0 name=_s236
o0000000001596088 .functor BUFZ 1, C4<z>; HiZ drive
; Elide local net with no drivers, v00000000015dcf20_0 name=_s239
o00000000015960b8 .functor BUFZ 1, C4<z>; HiZ drive
; Elide local net with no drivers, v00000000015dd1a0_0 name=_s242
o00000000015960e8 .functor BUFZ 16, C4<zzzzzzzzzzzzzzzz>; HiZ drive
v00000000015dcd40_0 .net "a", 15 0, o00000000015960e8;  0 drivers
o0000000001596118 .functor BUFZ 16, C4<zzzzzzzzzzzzzzzz>; HiZ drive
v00000000015db580_0 .net "b", 15 0, o0000000001596118;  0 drivers
v00000000015dbd00_0 .net "cin", 0 0, o0000000001592e78;  0 drivers
v00000000015dcca0_0 .net "cout", 15 0, L_00000000015efd10;  1 drivers
v00000000015dd380_0 .net "g", 15 0, L_00000000015ef6d0;  1 drivers
v00000000015dd420_0 .net "gout", 3 0, L_00000000015ebf30;  1 drivers
v00000000015dc520_0 .net "p", 15 0, L_00000000015eeb90;  1 drivers
v00000000015dc0c0_0 .net "pout", 3 0, L_00000000015ec750;  1 drivers
v00000000015dbda0_0 .net "sum", 15 0, L_00000000015f0490;  1 drivers
L_00000000015dcfc0 .part o00000000015960e8, 0, 1;
L_00000000015dba80 .part o0000000001596118, 0, 1;
L_00000000015dc8e0 .part o00000000015960e8, 1, 1;
L_00000000015dbb20 .part o0000000001596118, 1, 1;
L_00000000015db260 .part o00000000015960e8, 2, 1;
L_00000000015dc480 .part o0000000001596118, 2, 1;
L_00000000015dc700 .part o00000000015960e8, 3, 1;
L_00000000015db300 .part o0000000001596118, 3, 1;
L_00000000015db3a0 .part o00000000015960e8, 4, 1;
L_00000000015dc980 .part o0000000001596118, 4, 1;
L_00000000015dc7a0 .part o00000000015960e8, 5, 1;
L_00000000015dd060 .part o0000000001596118, 5, 1;
L_00000000015dcb60 .part o00000000015960e8, 6, 1;
L_00000000015db440 .part o0000000001596118, 6, 1;
L_00000000015dc200 .part o00000000015960e8, 7, 1;
L_00000000015dc020 .part o0000000001596118, 7, 1;
L_00000000015dcc00 .part o00000000015960e8, 8, 1;
L_00000000015db9e0 .part o0000000001596118, 8, 1;
L_00000000015dcde0 .part o00000000015960e8, 9, 1;
L_00000000015dc2a0 .part o0000000001596118, 9, 1;
L_00000000015db4e0 .part o00000000015960e8, 10, 1;
L_00000000015dbee0 .part o0000000001596118, 10, 1;
L_00000000015df040 .part o00000000015960e8, 11, 1;
L_00000000015debe0 .part o0000000001596118, 11, 1;
L_00000000015deb40 .part o00000000015960e8, 12, 1;
L_00000000015df680 .part o0000000001596118, 12, 1;
L_00000000015df860 .part o00000000015960e8, 13, 1;
L_00000000015de140 .part o0000000001596118, 13, 1;
L_00000000015de5a0 .part o00000000015960e8, 14, 1;
L_00000000015dfc20 .part o0000000001596118, 14, 1;
L_00000000015ddec0 .part o00000000015960e8, 1, 1;
L_00000000015de780 .part o0000000001596118, 1, 1;
L_00000000015de1e0 .part L_00000000015efd10, 0, 1;
L_00000000015de280 .part o00000000015960e8, 2, 1;
L_00000000015dd880 .part o0000000001596118, 2, 1;
L_00000000015ded20 .part L_00000000015efd10, 1, 1;
L_00000000015de960 .part o00000000015960e8, 3, 1;
L_00000000015de820 .part o0000000001596118, 3, 1;
L_00000000015df900 .part L_00000000015efd10, 2, 1;
L_00000000015dfae0 .part o00000000015960e8, 4, 1;
L_00000000015dd560 .part o0000000001596118, 4, 1;
L_00000000015df9a0 .part L_00000000015efd10, 3, 1;
L_00000000015de3c0 .part o00000000015960e8, 5, 1;
L_00000000015df4a0 .part o0000000001596118, 5, 1;
L_00000000015dfa40 .part L_00000000015efd10, 4, 1;
L_00000000015dfb80 .part o00000000015960e8, 6, 1;
L_00000000015de8c0 .part o0000000001596118, 6, 1;
L_00000000015dfcc0 .part L_00000000015efd10, 5, 1;
L_00000000015dea00 .part o00000000015960e8, 7, 1;
L_00000000015dd600 .part o0000000001596118, 7, 1;
L_00000000015df400 .part L_00000000015efd10, 6, 1;
L_00000000015de320 .part o00000000015960e8, 8, 1;
L_00000000015dee60 .part o0000000001596118, 8, 1;
L_00000000015dd9c0 .part L_00000000015efd10, 7, 1;
L_00000000015dd6a0 .part o00000000015960e8, 9, 1;
L_00000000015dec80 .part o0000000001596118, 9, 1;
L_00000000015dd920 .part L_00000000015efd10, 8, 1;
L_00000000015def00 .part o00000000015960e8, 10, 1;
L_00000000015dd740 .part o0000000001596118, 10, 1;
L_00000000015dedc0 .part L_00000000015efd10, 9, 1;
L_00000000015deaa0 .part o00000000015960e8, 11, 1;
L_00000000015defa0 .part o0000000001596118, 11, 1;
L_00000000015ddf60 .part L_00000000015efd10, 10, 1;
L_00000000015dda60 .part o00000000015960e8, 12, 1;
L_00000000015de460 .part o0000000001596118, 12, 1;
L_00000000015dd7e0 .part L_00000000015efd10, 11, 1;
L_00000000015df0e0 .part o00000000015960e8, 13, 1;
L_00000000015ddb00 .part o0000000001596118, 13, 1;
L_00000000015df180 .part L_00000000015efd10, 12, 1;
L_00000000015ddba0 .part o00000000015960e8, 14, 1;
L_00000000015df220 .part o0000000001596118, 14, 1;
L_00000000015df2c0 .part L_00000000015efd10, 13, 1;
L_00000000015ddc40 .part o00000000015960e8, 15, 1;
L_00000000015df360 .part o0000000001596118, 15, 1;
L_00000000015ddce0 .part L_00000000015efd10, 14, 1;
L_00000000015dab80 .part L_00000000015ef6d0, 0, 4;
L_00000000015da400 .part L_00000000015eeb90, 0, 4;
L_00000000015d9280 .part L_00000000015ef6d0, 4, 4;
L_00000000015da540 .part L_00000000015eeb90, 4, 4;
L_00000000015da7c0 .part L_00000000015efd10, 3, 1;
L_00000000015eced0 .part L_00000000015ef6d0, 8, 4;
L_00000000015ec390 .part L_00000000015eeb90, 8, 4;
L_00000000015ede70 .part L_00000000015efd10, 7, 1;
L_00000000015ed150 .part L_00000000015ef6d0, 12, 4;
L_00000000015ec430 .part L_00000000015eeb90, 12, 4;
L_00000000015ed6f0 .part L_00000000015efd10, 11, 1;
L_00000000015ebf30 .concat8 [ 1 1 1 1], L_00000000015e30e0, L_00000000015e8e70, L_00000000015eb420, L_00000000015ea2a0;
L_00000000015ec750 .concat8 [ 1 1 1 1], L_00000000015de6e0, L_00000000015da860, L_00000000015d8740, L_00000000015ecbb0;
L_00000000015eeaf0 .part L_00000000015ec570, 2, 1;
L_00000000015eff90 .part L_00000000015ec570, 1, 1;
L_00000000015f00d0 .part L_00000000015ec570, 0, 1;
LS_00000000015f0490_0_0 .concat8 [ 1 1 1 1], L_00000000015f91c0, L_00000000015e15e0, L_00000000015e17a0, L_00000000015e19d0;
LS_00000000015f0490_0_4 .concat8 [ 1 1 1 1], L_00000000015e1f80, L_00000000015e2d60, L_00000000015e2820, L_00000000015e2890;
LS_00000000015f0490_0_8 .concat8 [ 1 1 1 1], L_00000000015e2b30, L_00000000015e29e0, L_00000000015e3380, L_00000000015e3310;
LS_00000000015f0490_0_12 .concat8 [ 1 1 1 1], L_00000000015e2e40, L_00000000015e3460, L_00000000015e2f20, L_00000000015e2cf0;
L_00000000015f0490 .concat8 [ 4 4 4 4], LS_00000000015f0490_0_0, LS_00000000015f0490_0_4, LS_00000000015f0490_0_8, LS_00000000015f0490_0_12;
L_00000000015ef130 .part o00000000015960e8, 0, 1;
L_00000000015efef0 .part o0000000001596118, 0, 1;
LS_00000000015ef6d0_0_0 .concat [ 1 1 1 1], L_0000000001153f00, L_00000000011531e0, L_00000000015e18f0, L_00000000015e2370;
LS_00000000015ef6d0_0_4 .concat [ 1 1 1 1], L_00000000015e1ea0, L_00000000015e1d50, L_00000000015e1b20, L_00000000015e2060;
LS_00000000015ef6d0_0_8 .concat [ 1 1 1 1], L_00000000015e1880, L_00000000015e20d0, L_00000000015e2220, L_00000000015e16c0;
LS_00000000015ef6d0_0_12 .concat [ 1 1 1 1], L_00000000015e1dc0, L_00000000015e2290, L_00000000015e21b0, o0000000001596058;
L_00000000015ef6d0 .concat [ 4 4 4 4], LS_00000000015ef6d0_0_0, LS_00000000015ef6d0_0_4, LS_00000000015ef6d0_0_8, LS_00000000015ef6d0_0_12;
LS_00000000015eeb90_0_0 .concat [ 1 1 1 1], L_0000000001153f70, L_00000000015e1e30, L_00000000015e2300, L_00000000015e1c70;
LS_00000000015eeb90_0_4 .concat [ 1 1 1 1], L_00000000015e1810, L_00000000015e1a40, L_00000000015e1960, L_00000000015e1650;
LS_00000000015eeb90_0_8 .concat [ 1 1 1 1], L_00000000015e2140, L_00000000015e23e0, L_00000000015e2450, L_00000000015e1c00;
LS_00000000015eeb90_0_12 .concat [ 1 1 1 1], L_00000000015e1ab0, L_00000000015e1b90, L_00000000015e1ff0, o0000000001596088;
L_00000000015eeb90 .concat [ 4 4 4 4], LS_00000000015eeb90_0_0, LS_00000000015eeb90_0_4, LS_00000000015eeb90_0_8, LS_00000000015eeb90_0_12;
LS_00000000015efd10_0_0 .concat [ 3 1 3 1], L_00000000015e03a0, L_00000000015f00d0, L_00000000015d8ec0, L_00000000015eff90;
LS_00000000015efd10_0_4 .concat [ 3 1 3 1], L_00000000015d98c0, L_00000000015eeaf0, L_00000000015ec890, o00000000015960b8;
L_00000000015efd10 .concat [ 8 8 0 0], LS_00000000015efd10_0_0, LS_00000000015efd10_0_4;
S_00000000010d0000 .scope generate, "genblk1[0]" "genblk1[0]" 2 55, 2 55 0, S_00000000001bdf10;
 .timescale -9 -12;
P_0000000001159370 .param/l "i" 0 2 55, +C4<00>;
S_00000000010d0190 .scope module, "mygp1" "gp1" 2 56, 2 12 0, S_00000000010d0000;
 .timescale -9 -12;
    .port_info 0 /INPUT 1 "a";
    .port_info 1 /INPUT 1 "b";
    .port_info 2 /OUTPUT 1 "g";
    .port_info 3 /OUTPUT 1 "p";
L_0000000001153f00 .functor AND 1, L_00000000015dcfc0, L_00000000015dba80, C4<1>, C4<1>;
L_0000000001153f70 .functor OR 1, L_00000000015dcfc0, L_00000000015dba80, C4<0>, C4<0>;
v00000000011523f0_0 .net "a", 0 0, L_00000000015dcfc0;  1 drivers
v0000000001151810_0 .net "b", 0 0, L_00000000015dba80;  1 drivers
v0000000001152df0_0 .net "g", 0 0, L_0000000001153f00;  1 drivers
v0000000001152490_0 .net "p", 0 0, L_0000000001153f70;  1 drivers
S_00000000010e31f0 .scope generate, "genblk1[1]" "genblk1[1]" 2 55, 2 55 0, S_00000000001bdf10;
 .timescale -9 -12;
P_0000000001159eb0 .param/l "i" 0 2 55, +C4<01>;
S_00000000010e3380 .scope module, "mygp1" "gp1" 2 56, 2 12 0, S_00000000010e31f0;
 .timescale -9 -12;
    .port_info 0 /INPUT 1 "a";
    .port_info 1 /INPUT 1 "b";
    .port_info 2 /OUTPUT 1 "g";
    .port_info 3 /OUTPUT 1 "p";
L_00000000011531e0 .functor AND 1, L_00000000015dc8e0, L_00000000015dbb20, C4<1>, C4<1>;
L_00000000015e1e30 .functor OR 1, L_00000000015dc8e0, L_00000000015dbb20, C4<0>, C4<0>;
v0000000001152ad0_0 .net "a", 0 0, L_00000000015dc8e0;  1 drivers
v0000000001152d50_0 .net "b", 0 0, L_00000000015dbb20;  1 drivers
v0000000001152e90_0 .net "g", 0 0, L_00000000011531e0;  1 drivers
v0000000001152670_0 .net "p", 0 0, L_00000000015e1e30;  1 drivers
S_00000000010e3510 .scope generate, "genblk1[2]" "genblk1[2]" 2 55, 2 55 0, S_00000000001bdf10;
 .timescale -9 -12;
P_0000000001159930 .param/l "i" 0 2 55, +C4<010>;
S_00000000010e36a0 .scope module, "mygp1" "gp1" 2 56, 2 12 0, S_00000000010e3510;
 .timescale -9 -12;
    .port_info 0 /INPUT 1 "a";
    .port_info 1 /INPUT 1 "b";
    .port_info 2 /OUTPUT 1 "g";
    .port_info 3 /OUTPUT 1 "p";
L_00000000015e18f0 .functor AND 1, L_00000000015db260, L_00000000015dc480, C4<1>, C4<1>;
L_00000000015e2300 .functor OR 1, L_00000000015db260, L_00000000015dc480, C4<0>, C4<0>;
v00000000011518b0_0 .net "a", 0 0, L_00000000015db260;  1 drivers
v0000000001152990_0 .net "b", 0 0, L_00000000015dc480;  1 drivers
v0000000001151950_0 .net "g", 0 0, L_00000000015e18f0;  1 drivers
v0000000001151e50_0 .net "p", 0 0, L_00000000015e2300;  1 drivers
S_00000000010e3830 .scope generate, "genblk1[3]" "genblk1[3]" 2 55, 2 55 0, S_00000000001bdf10;
 .timescale -9 -12;
P_0000000001159e30 .param/l "i" 0 2 55, +C4<011>;
S_00000000010e39c0 .scope module, "mygp1" "gp1" 2 56, 2 12 0, S_00000000010e3830;
 .timescale -9 -12;
    .port_info 0 /INPUT 1 "a";
    .port_info 1 /INPUT 1 "b";
    .port_info 2 /OUTPUT 1 "g";
    .port_info 3 /OUTPUT 1 "p";
L_00000000015e2370 .functor AND 1, L_00000000015dc700, L_00000000015db300, C4<1>, C4<1>;
L_00000000015e1c70 .functor OR 1, L_00000000015dc700, L_00000000015db300, C4<0>, C4<0>;
v0000000001152170_0 .net "a", 0 0, L_00000000015dc700;  1 drivers
v00000000011522b0_0 .net "b", 0 0, L_00000000015db300;  1 drivers
v0000000001152210_0 .net "g", 0 0, L_00000000015e2370;  1 drivers
v0000000001152cb0_0 .net "p", 0 0, L_00000000015e1c70;  1 drivers
S_00000000010e3b50 .scope generate, "genblk1[4]" "genblk1[4]" 2 55, 2 55 0, S_00000000001bdf10;
 .timescale -9 -12;
P_00000000011598b0 .param/l "i" 0 2 55, +C4<0100>;
S_00000000010e3ce0 .scope module, "mygp1" "gp1" 2 56, 2 12 0, S_00000000010e3b50;
 .timescale -9 -12;
    .port_info 0 /INPUT 1 "a";
    .port_info 1 /INPUT 1 "b";
    .port_info 2 /OUTPUT 1 "g";
    .port_info 3 /OUTPUT 1 "p";
L_00000000015e1ea0 .functor AND 1, L_00000000015db3a0, L_00000000015dc980, C4<1>, C4<1>;
L_00000000015e1810 .functor OR 1, L_00000000015db3a0, L_00000000015dc980, C4<0>, C4<0>;
v0000000001152350_0 .net "a", 0 0, L_00000000015db3a0;  1 drivers
v0000000001151b30_0 .net "b", 0 0, L_00000000015dc980;  1 drivers
v0000000001152c10_0 .net "g", 0 0, L_00000000015e1ea0;  1 drivers
v00000000011519f0_0 .net "p", 0 0, L_00000000015e1810;  1 drivers
S_00000000010e3e70 .scope generate, "genblk1[5]" "genblk1[5]" 2 55, 2 55 0, S_00000000001bdf10;
 .timescale -9 -12;
P_000000000115a170 .param/l "i" 0 2 55, +C4<0101>;
S_00000000010e4000 .scope module, "mygp1" "gp1" 2 56, 2 12 0, S_00000000010e3e70;
 .timescale -9 -12;
    .port_info 0 /INPUT 1 "a";
    .port_info 1 /INPUT 1 "b";
    .port_info 2 /OUTPUT 1 "g";
    .port_info 3 /OUTPUT 1 "p";
L_00000000015e1d50 .functor AND 1, L_00000000015dc7a0, L_00000000015dd060, C4<1>, C4<1>;
L_00000000015e1a40 .functor OR 1, L_00000000015dc7a0, L_00000000015dd060, C4<0>, C4<0>;
v0000000001151a90_0 .net "a", 0 0, L_00000000015dc7a0;  1 drivers
v0000000001151d10_0 .net "b", 0 0, L_00000000015dd060;  1 drivers
v0000000001152710_0 .net "g", 0 0, L_00000000015e1d50;  1 drivers
v0000000001152850_0 .net "p", 0 0, L_00000000015e1a40;  1 drivers
S_00000000010e8070 .scope generate, "genblk1[6]" "genblk1[6]" 2 55, 2 55 0, S_00000000001bdf10;
 .timescale -9 -12;
P_0000000001159ef0 .param/l "i" 0 2 55, +C4<0110>;
S_00000000010e8200 .scope module, "mygp1" "gp1" 2 56, 2 12 0, S_00000000010e8070;
 .timescale -9 -12;
    .port_info 0 /INPUT 1 "a";
    .port_info 1 /INPUT 1 "b";
    .port_info 2 /OUTPUT 1 "g";
    .port_info 3 /OUTPUT 1 "p";
L_00000000015e1b20 .functor AND 1, L_00000000015dcb60, L_00000000015db440, C4<1>, C4<1>;
L_00000000015e1960 .functor OR 1, L_00000000015dcb60, L_00000000015db440, C4<0>, C4<0>;
v0000000001151bd0_0 .net "a", 0 0, L_00000000015dcb60;  1 drivers
v0000000001152b70_0 .net "b", 0 0, L_00000000015db440;  1 drivers
v0000000001151ef0_0 .net "g", 0 0, L_00000000015e1b20;  1 drivers
v0000000001152530_0 .net "p", 0 0, L_00000000015e1960;  1 drivers
S_00000000010e8390 .scope generate, "genblk1[7]" "genblk1[7]" 2 55, 2 55 0, S_00000000001bdf10;
 .timescale -9 -12;
P_00000000011597f0 .param/l "i" 0 2 55, +C4<0111>;
S_00000000015ca180 .scope module, "mygp1" "gp1" 2 56, 2 12 0, S_00000000010e8390;
 .timescale -9 -12;
    .port_info 0 /INPUT 1 "a";
    .port_info 1 /INPUT 1 "b";
    .port_info 2 /OUTPUT 1 "g";
    .port_info 3 /OUTPUT 1 "p";
L_00000000015e2060 .functor AND 1, L_00000000015dc200, L_00000000015dc020, C4<1>, C4<1>;
L_00000000015e1650 .functor OR 1, L_00000000015dc200, L_00000000015dc020, C4<0>, C4<0>;
v0000000001151c70_0 .net "a", 0 0, L_00000000015dc200;  1 drivers
v0000000001151db0_0 .net "b", 0 0, L_00000000015dc020;  1 drivers
v0000000001151f90_0 .net "g", 0 0, L_00000000015e2060;  1 drivers
v00000000011528f0_0 .net "p", 0 0, L_00000000015e1650;  1 drivers
S_00000000015c9820 .scope generate, "genblk1[8]" "genblk1[8]" 2 55, 2 55 0, S_00000000001bdf10;
 .timescale -9 -12;
P_0000000001159970 .param/l "i" 0 2 55, +C4<01000>;
S_00000000015c9ff0 .scope module, "mygp1" "gp1" 2 56, 2 12 0, S_00000000015c9820;
 .timescale -9 -12;
    .port_info 0 /INPUT 1 "a";
    .port_info 1 /INPUT 1 "b";
    .port_info 2 /OUTPUT 1 "g";
    .port_info 3 /OUTPUT 1 "p";
L_00000000015e1880 .functor AND 1, L_00000000015dcc00, L_00000000015db9e0, C4<1>, C4<1>;
L_00000000015e2140 .functor OR 1, L_00000000015dcc00, L_00000000015db9e0, C4<0>, C4<0>;
v0000000001152030_0 .net "a", 0 0, L_00000000015dcc00;  1 drivers
v00000000011520d0_0 .net "b", 0 0, L_00000000015db9e0;  1 drivers
v00000000011525d0_0 .net "g", 0 0, L_00000000015e1880;  1 drivers
v0000000001152a30_0 .net "p", 0 0, L_00000000015e2140;  1 drivers
S_00000000015c9cd0 .scope generate, "genblk1[9]" "genblk1[9]" 2 55, 2 55 0, S_00000000001bdf10;
 .timescale -9 -12;
P_0000000001159330 .param/l "i" 0 2 55, +C4<01001>;
S_00000000015c9500 .scope module, "mygp1" "gp1" 2 56, 2 12 0, S_00000000015c9cd0;
 .timescale -9 -12;
    .port_info 0 /INPUT 1 "a";
    .port_info 1 /INPUT 1 "b";
    .port_info 2 /OUTPUT 1 "g";
    .port_info 3 /OUTPUT 1 "p";
L_00000000015e20d0 .functor AND 1, L_00000000015dcde0, L_00000000015dc2a0, C4<1>, C4<1>;
L_00000000015e23e0 .functor OR 1, L_00000000015dcde0, L_00000000015dc2a0, C4<0>, C4<0>;
v00000000011527b0_0 .net "a", 0 0, L_00000000015dcde0;  1 drivers
v000000000114ffb0_0 .net "b", 0 0, L_00000000015dc2a0;  1 drivers
v00000000011511d0_0 .net "g", 0 0, L_00000000015e20d0;  1 drivers
v000000000114f150_0 .net "p", 0 0, L_00000000015e23e0;  1 drivers
S_00000000015c99b0 .scope generate, "genblk1[10]" "genblk1[10]" 2 55, 2 55 0, S_00000000001bdf10;
 .timescale -9 -12;
P_0000000001159570 .param/l "i" 0 2 55, +C4<01010>;
S_00000000015ca310 .scope module, "mygp1" "gp1" 2 56, 2 12 0, S_00000000015c99b0;
 .timescale -9 -12;
    .port_info 0 /INPUT 1 "a";
    .port_info 1 /INPUT 1 "b";
    .port_info 2 /OUTPUT 1 "g";
    .port_info 3 /OUTPUT 1 "p";
L_00000000015e2220 .functor AND 1, L_00000000015db4e0, L_00000000015dbee0, C4<1>, C4<1>;
L_00000000015e2450 .functor OR 1, L_00000000015db4e0, L_00000000015dbee0, C4<0>, C4<0>;
v000000000114f510_0 .net "a", 0 0, L_00000000015db4e0;  1 drivers
v00000000010eac60_0 .net "b", 0 0, L_00000000015dbee0;  1 drivers
v00000000010eb520_0 .net "g", 0 0, L_00000000015e2220;  1 drivers
v00000000010ebd40_0 .net "p", 0 0, L_00000000015e2450;  1 drivers
S_00000000015c9690 .scope generate, "genblk1[11]" "genblk1[11]" 2 55, 2 55 0, S_00000000001bdf10;
 .timescale -9 -12;
P_0000000001159af0 .param/l "i" 0 2 55, +C4<01011>;
S_00000000015c9e60 .scope module, "mygp1" "gp1" 2 56, 2 12 0, S_00000000015c9690;
 .timescale -9 -12;
    .port_info 0 /INPUT 1 "a";
    .port_info 1 /INPUT 1 "b";
    .port_info 2 /OUTPUT 1 "g";
    .port_info 3 /OUTPUT 1 "p";
L_00000000015e16c0 .functor AND 1, L_00000000015df040, L_00000000015debe0, C4<1>, C4<1>;
L_00000000015e1c00 .functor OR 1, L_00000000015df040, L_00000000015debe0, C4<0>, C4<0>;
v00000000010ead00_0 .net "a", 0 0, L_00000000015df040;  1 drivers
v00000000010eb840_0 .net "b", 0 0, L_00000000015debe0;  1 drivers
v00000000010ea4e0_0 .net "g", 0 0, L_00000000015e16c0;  1 drivers
v00000000010ebfc0_0 .net "p", 0 0, L_00000000015e1c00;  1 drivers
S_00000000015c9b40 .scope generate, "genblk1[12]" "genblk1[12]" 2 55, 2 55 0, S_00000000001bdf10;
 .timescale -9 -12;
P_00000000011595f0 .param/l "i" 0 2 55, +C4<01100>;
S_000000000117d1a0 .scope module, "mygp1" "gp1" 2 56, 2 12 0, S_00000000015c9b40;
 .timescale -9 -12;
    .port_info 0 /INPUT 1 "a";
    .port_info 1 /INPUT 1 "b";
    .port_info 2 /OUTPUT 1 "g";
    .port_info 3 /OUTPUT 1 "p";
L_00000000015e1dc0 .functor AND 1, L_00000000015deb40, L_00000000015df680, C4<1>, C4<1>;
L_00000000015e1ab0 .functor OR 1, L_00000000015deb40, L_00000000015df680, C4<0>, C4<0>;
v00000000010ea8a0_0 .net "a", 0 0, L_00000000015deb40;  1 drivers
v00000000010ec240_0 .net "b", 0 0, L_00000000015df680;  1 drivers
v00000000010eb7a0_0 .net "g", 0 0, L_00000000015e1dc0;  1 drivers
v00000000010ec060_0 .net "p", 0 0, L_00000000015e1ab0;  1 drivers
S_000000000117d4c0 .scope generate, "genblk1[13]" "genblk1[13]" 2 55, 2 55 0, S_00000000001bdf10;
 .timescale -9 -12;
P_0000000001159430 .param/l "i" 0 2 55, +C4<01101>;
S_000000000117c200 .scope module, "mygp1" "gp1" 2 56, 2 12 0, S_000000000117d4c0;
 .timescale -9 -12;
    .port_info 0 /INPUT 1 "a";
    .port_info 1 /INPUT 1 "b";
    .port_info 2 /OUTPUT 1 "g";
    .port_info 3 /OUTPUT 1 "p";
L_00000000015e2290 .functor AND 1, L_00000000015df860, L_00000000015de140, C4<1>, C4<1>;
L_00000000015e1b90 .functor OR 1, L_00000000015df860, L_00000000015de140, C4<0>, C4<0>;
v00000000010ea620_0 .net "a", 0 0, L_00000000015df860;  1 drivers
v00000000010ea6c0_0 .net "b", 0 0, L_00000000015de140;  1 drivers
v00000000010eb020_0 .net "g", 0 0, L_00000000015e2290;  1 drivers
v00000000010eb160_0 .net "p", 0 0, L_00000000015e1b90;  1 drivers
S_000000000117c070 .scope generate, "genblk1[14]" "genblk1[14]" 2 55, 2 55 0, S_00000000001bdf10;
 .timescale -9 -12;
P_0000000001159470 .param/l "i" 0 2 55, +C4<01110>;
S_000000000117c390 .scope module, "mygp1" "gp1" 2 56, 2 12 0, S_000000000117c070;
 .timescale -9 -12;
    .port_info 0 /INPUT 1 "a";
    .port_info 1 /INPUT 1 "b";
    .port_info 2 /OUTPUT 1 "g";
    .port_info 3 /OUTPUT 1 "p";
L_00000000015e21b0 .functor AND 1, L_00000000015de5a0, L_00000000015dfc20, C4<1>, C4<1>;
L_00000000015e1ff0 .functor OR 1, L_00000000015de5a0, L_00000000015dfc20, C4<0>, C4<0>;
v00000000010eb200_0 .net "a", 0 0, L_00000000015de5a0;  1 drivers
v00000000010de530_0 .net "b", 0 0, L_00000000015dfc20;  1 drivers
v00000000010df250_0 .net "g", 0 0, L_00000000015e21b0;  1 drivers
v00000000010df6b0_0 .net "p", 0 0, L_00000000015e1ff0;  1 drivers
S_000000000117c9d0 .scope generate, "genblk2[1]" "genblk2[1]" 2 65, 2 65 0, S_00000000001bdf10;
 .timescale -9 -12;
P_0000000001159730 .param/l "j" 0 2 65, +C4<01>;
L_00000000015e1730 .functor XOR 1, L_00000000015ddec0, L_00000000015de780, C4<0>, C4<0>;
L_00000000015e15e0 .functor XOR 1, L_00000000015e1730, L_00000000015de1e0, C4<0>, C4<0>;
v00000000010de670_0 .net *"_s0", 0 0, L_00000000015ddec0;  1 drivers
v00000000010de710_0 .net *"_s1", 0 0, L_00000000015de780;  1 drivers
v00000000010df2f0_0 .net *"_s2", 0 0, L_00000000015e1730;  1 drivers
v00000000010de7b0_0 .net *"_s4", 0 0, L_00000000015de1e0;  1 drivers
v00000000010ddd10_0 .net *"_s5", 0 0, L_00000000015e15e0;  1 drivers
S_000000000117d7e0 .scope generate, "genblk2[2]" "genblk2[2]" 2 65, 2 65 0, S_00000000001bdf10;
 .timescale -9 -12;
P_0000000001159fb0 .param/l "j" 0 2 65, +C4<010>;
L_00000000015e1570 .functor XOR 1, L_00000000015de280, L_00000000015dd880, C4<0>, C4<0>;
L_00000000015e17a0 .functor XOR 1, L_00000000015e1570, L_00000000015ded20, C4<0>, C4<0>;
v00000000010df930_0 .net *"_s0", 0 0, L_00000000015de280;  1 drivers
v00000000010dea30_0 .net *"_s1", 0 0, L_00000000015dd880;  1 drivers
v00000000010df390_0 .net *"_s2", 0 0, L_00000000015e1570;  1 drivers
v00000000010de170_0 .net *"_s4", 0 0, L_00000000015ded20;  1 drivers
v00000000010dfb10_0 .net *"_s5", 0 0, L_00000000015e17a0;  1 drivers
S_000000000117de20 .scope generate, "genblk2[3]" "genblk2[3]" 2 65, 2 65 0, S_00000000001bdf10;
 .timescale -9 -12;
P_00000000011594b0 .param/l "j" 0 2 65, +C4<011>;
L_00000000015e1ce0 .functor XOR 1, L_00000000015de960, L_00000000015de820, C4<0>, C4<0>;
L_00000000015e19d0 .functor XOR 1, L_00000000015e1ce0, L_00000000015df900, C4<0>, C4<0>;
v00000000010dde50_0 .net *"_s0", 0 0, L_00000000015de960;  1 drivers
v00000000010de2b0_0 .net *"_s1", 0 0, L_00000000015de820;  1 drivers
v00000000010de210_0 .net *"_s2", 0 0, L_00000000015e1ce0;  1 drivers
v00000000010fc340_0 .net *"_s4", 0 0, L_00000000015df900;  1 drivers
v00000000010fae00_0 .net *"_s5", 0 0, L_00000000015e19d0;  1 drivers
S_000000000117c6b0 .scope generate, "genblk2[4]" "genblk2[4]" 2 65, 2 65 0, S_00000000001bdf10;
 .timescale -9 -12;
P_0000000001159cf0 .param/l "j" 0 2 65, +C4<0100>;
L_00000000015e1f10 .functor XOR 1, L_00000000015dfae0, L_00000000015dd560, C4<0>, C4<0>;
L_00000000015e1f80 .functor XOR 1, L_00000000015e1f10, L_00000000015df9a0, C4<0>, C4<0>;
v00000000010fb120_0 .net *"_s0", 0 0, L_00000000015dfae0;  1 drivers
v00000000010fbb20_0 .net *"_s1", 0 0, L_00000000015dd560;  1 drivers
v00000000010fb6c0_0 .net *"_s2", 0 0, L_00000000015e1f10;  1 drivers
v00000000010fb4e0_0 .net *"_s4", 0 0, L_00000000015df9a0;  1 drivers
v00000000010fb940_0 .net *"_s5", 0 0, L_00000000015e1f80;  1 drivers
S_000000000117c520 .scope generate, "genblk2[5]" "genblk2[5]" 2 65, 2 65 0, S_00000000001bdf10;
 .timescale -9 -12;
P_0000000001159b30 .param/l "j" 0 2 65, +C4<0101>;
L_00000000015e33f0 .functor XOR 1, L_00000000015de3c0, L_00000000015df4a0, C4<0>, C4<0>;
L_00000000015e2d60 .functor XOR 1, L_00000000015e33f0, L_00000000015dfa40, C4<0>, C4<0>;
v00000000010fc840_0 .net *"_s0", 0 0, L_00000000015de3c0;  1 drivers
v00000000010faf40_0 .net *"_s1", 0 0, L_00000000015df4a0;  1 drivers
v0000000001102080_0 .net *"_s2", 0 0, L_00000000015e33f0;  1 drivers
v00000000011032a0_0 .net *"_s4", 0 0, L_00000000015dfa40;  1 drivers
v0000000001103340_0 .net *"_s5", 0 0, L_00000000015e2d60;  1 drivers
S_000000000117d330 .scope generate, "genblk2[6]" "genblk2[6]" 2 65, 2 65 0, S_00000000001bdf10;
 .timescale -9 -12;
P_00000000011599b0 .param/l "j" 0 2 65, +C4<0110>;
L_00000000015e32a0 .functor XOR 1, L_00000000015dfb80, L_00000000015de8c0, C4<0>, C4<0>;
L_00000000015e2820 .functor XOR 1, L_00000000015e32a0, L_00000000015dfcc0, C4<0>, C4<0>;
v0000000001103980_0 .net *"_s0", 0 0, L_00000000015dfb80;  1 drivers
v00000000011110e0_0 .net *"_s1", 0 0, L_00000000015de8c0;  1 drivers
v0000000001112440_0 .net *"_s2", 0 0, L_00000000015e32a0;  1 drivers
v0000000001111220_0 .net *"_s4", 0 0, L_00000000015dfcc0;  1 drivers
v0000000001121120_0 .net *"_s5", 0 0, L_00000000015e2820;  1 drivers
S_000000000117c840 .scope generate, "genblk2[7]" "genblk2[7]" 2 65, 2 65 0, S_00000000001bdf10;
 .timescale -9 -12;
P_0000000001159830 .param/l "j" 0 2 65, +C4<0111>;
L_00000000015e2c10 .functor XOR 1, L_00000000015dea00, L_00000000015dd600, C4<0>, C4<0>;
L_00000000015e2890 .functor XOR 1, L_00000000015e2c10, L_00000000015df400, C4<0>, C4<0>;
v0000000001122160_0 .net *"_s0", 0 0, L_00000000015dea00;  1 drivers
v00000000011211c0_0 .net *"_s1", 0 0, L_00000000015dd600;  1 drivers
v0000000001130590_0 .net *"_s2", 0 0, L_00000000015e2c10;  1 drivers
v00000000011306d0_0 .net *"_s4", 0 0, L_00000000015df400;  1 drivers
v000000000112eb50_0 .net *"_s5", 0 0, L_00000000015e2890;  1 drivers
S_000000000117d650 .scope generate, "genblk2[8]" "genblk2[8]" 2 65, 2 65 0, S_00000000001bdf10;
 .timescale -9 -12;
P_0000000001159630 .param/l "j" 0 2 65, +C4<01000>;
L_00000000015e2900 .functor XOR 1, L_00000000015de320, L_00000000015dee60, C4<0>, C4<0>;
L_00000000015e2b30 .functor XOR 1, L_00000000015e2900, L_00000000015dd9c0, C4<0>, C4<0>;
v00000000015cc000_0 .net *"_s0", 0 0, L_00000000015de320;  1 drivers
v00000000015ca980_0 .net *"_s1", 0 0, L_00000000015dee60;  1 drivers
v00000000015cc820_0 .net *"_s2", 0 0, L_00000000015e2900;  1 drivers
v00000000015ccbe0_0 .net *"_s4", 0 0, L_00000000015dd9c0;  1 drivers
v00000000015cbba0_0 .net *"_s5", 0 0, L_00000000015e2b30;  1 drivers
S_000000000117cb60 .scope generate, "genblk2[9]" "genblk2[9]" 2 65, 2 65 0, S_00000000001bdf10;
 .timescale -9 -12;
P_0000000001159670 .param/l "j" 0 2 65, +C4<01001>;
L_00000000015e2c80 .functor XOR 1, L_00000000015dd6a0, L_00000000015dec80, C4<0>, C4<0>;
L_00000000015e29e0 .functor XOR 1, L_00000000015e2c80, L_00000000015dd920, C4<0>, C4<0>;
v00000000015ccc80_0 .net *"_s0", 0 0, L_00000000015dd6a0;  1 drivers
v00000000015cc8c0_0 .net *"_s1", 0 0, L_00000000015dec80;  1 drivers
v00000000015caa20_0 .net *"_s2", 0 0, L_00000000015e2c80;  1 drivers
v00000000015cbc40_0 .net *"_s4", 0 0, L_00000000015dd920;  1 drivers
v00000000015caac0_0 .net *"_s5", 0 0, L_00000000015e29e0;  1 drivers
S_000000000117dc90 .scope generate, "genblk2[10]" "genblk2[10]" 2 65, 2 65 0, S_00000000001bdf10;
 .timescale -9 -12;
P_00000000011594f0 .param/l "j" 0 2 65, +C4<01010>;
L_00000000015e31c0 .functor XOR 1, L_00000000015def00, L_00000000015dd740, C4<0>, C4<0>;
L_00000000015e3380 .functor XOR 1, L_00000000015e31c0, L_00000000015dedc0, C4<0>, C4<0>;
v00000000015caf20_0 .net *"_s0", 0 0, L_00000000015def00;  1 drivers
v00000000015cc460_0 .net *"_s1", 0 0, L_00000000015dd740;  1 drivers
v00000000015cb920_0 .net *"_s2", 0 0, L_00000000015e31c0;  1 drivers
v00000000015cbd80_0 .net *"_s4", 0 0, L_00000000015dedc0;  1 drivers
v00000000015cae80_0 .net *"_s5", 0 0, L_00000000015e3380;  1 drivers
S_000000000117ccf0 .scope generate, "genblk2[11]" "genblk2[11]" 2 65, 2 65 0, S_00000000001bdf10;
 .timescale -9 -12;
P_000000000115a030 .param/l "j" 0 2 65, +C4<01011>;
L_00000000015e26d0 .functor XOR 1, L_00000000015deaa0, L_00000000015defa0, C4<0>, C4<0>;
L_00000000015e3310 .functor XOR 1, L_00000000015e26d0, L_00000000015ddf60, C4<0>, C4<0>;
v00000000015ca660_0 .net *"_s0", 0 0, L_00000000015deaa0;  1 drivers
v00000000015ca8e0_0 .net *"_s1", 0 0, L_00000000015defa0;  1 drivers
v00000000015ca520_0 .net *"_s2", 0 0, L_00000000015e26d0;  1 drivers
v00000000015cade0_0 .net *"_s4", 0 0, L_00000000015ddf60;  1 drivers
v00000000015cba60_0 .net *"_s5", 0 0, L_00000000015e3310;  1 drivers
S_000000000117d970 .scope generate, "genblk2[12]" "genblk2[12]" 2 65, 2 65 0, S_00000000001bdf10;
 .timescale -9 -12;
P_0000000001159b70 .param/l "j" 0 2 65, +C4<01100>;
L_00000000015e2ba0 .functor XOR 1, L_00000000015dda60, L_00000000015de460, C4<0>, C4<0>;
L_00000000015e2e40 .functor XOR 1, L_00000000015e2ba0, L_00000000015dd7e0, C4<0>, C4<0>;
v00000000015ca700_0 .net *"_s0", 0 0, L_00000000015dda60;  1 drivers
v00000000015cbb00_0 .net *"_s1", 0 0, L_00000000015de460;  1 drivers
v00000000015cc780_0 .net *"_s2", 0 0, L_00000000015e2ba0;  1 drivers
v00000000015cc500_0 .net *"_s4", 0 0, L_00000000015dd7e0;  1 drivers
v00000000015cbec0_0 .net *"_s5", 0 0, L_00000000015e2e40;  1 drivers
S_000000000117db00 .scope generate, "genblk2[13]" "genblk2[13]" 2 65, 2 65 0, S_00000000001bdf10;
 .timescale -9 -12;
P_0000000001159bb0 .param/l "j" 0 2 65, +C4<01101>;
L_00000000015e2a50 .functor XOR 1, L_00000000015df0e0, L_00000000015ddb00, C4<0>, C4<0>;
L_00000000015e3460 .functor XOR 1, L_00000000015e2a50, L_00000000015df180, C4<0>, C4<0>;
v00000000015cb6a0_0 .net *"_s0", 0 0, L_00000000015df0e0;  1 drivers
v00000000015cc280_0 .net *"_s1", 0 0, L_00000000015ddb00;  1 drivers
v00000000015cafc0_0 .net *"_s2", 0 0, L_00000000015e2a50;  1 drivers
v00000000015ca5c0_0 .net *"_s4", 0 0, L_00000000015df180;  1 drivers
v00000000015cc5a0_0 .net *"_s5", 0 0, L_00000000015e3460;  1 drivers
S_000000000117ce80 .scope generate, "genblk2[14]" "genblk2[14]" 2 65, 2 65 0, S_00000000001bdf10;
 .timescale -9 -12;
P_0000000001159870 .param/l "j" 0 2 65, +C4<01110>;
L_00000000015e2580 .functor XOR 1, L_00000000015ddba0, L_00000000015df220, C4<0>, C4<0>;
L_00000000015e2f20 .functor XOR 1, L_00000000015e2580, L_00000000015df2c0, C4<0>, C4<0>;
v00000000015cb240_0 .net *"_s0", 0 0, L_00000000015ddba0;  1 drivers
v00000000015cb2e0_0 .net *"_s1", 0 0, L_00000000015df220;  1 drivers
v00000000015cc140_0 .net *"_s2", 0 0, L_00000000015e2580;  1 drivers
v00000000015cbf60_0 .net *"_s4", 0 0, L_00000000015df2c0;  1 drivers
v00000000015cb4c0_0 .net *"_s5", 0 0, L_00000000015e2f20;  1 drivers
S_000000000117d010 .scope generate, "genblk2[15]" "genblk2[15]" 2 65, 2 65 0, S_00000000001bdf10;
 .timescale -9 -12;
P_00000000011596b0 .param/l "j" 0 2 65, +C4<01111>;
L_00000000015e3070 .functor XOR 1, L_00000000015ddc40, L_00000000015df360, C4<0>, C4<0>;
L_00000000015e2cf0 .functor XOR 1, L_00000000015e3070, L_00000000015ddce0, C4<0>, C4<0>;
v00000000015cc0a0_0 .net *"_s0", 0 0, L_00000000015ddc40;  1 drivers
v00000000015cab60_0 .net *"_s1", 0 0, L_00000000015df360;  1 drivers
v00000000015ca7a0_0 .net *"_s2", 0 0, L_00000000015e3070;  1 drivers
v00000000015cca00_0 .net *"_s4", 0 0, L_00000000015ddce0;  1 drivers
v00000000015cc640_0 .net *"_s5", 0 0, L_00000000015e2cf0;  1 drivers
S_00000000015cf330 .scope module, "mygp41" "gp4" 2 58, 2 27 0, S_00000000001bdf10;
 .timescale -9 -12;
    .port_info 0 /INPUT 4 "gin";
    .port_info 1 /INPUT 4 "pin";
    .port_info 2 /INPUT 1 "cin";
    .port_info 3 /OUTPUT 1 "gout";
    .port_info 4 /OUTPUT 1 "pout";
    .port_info 5 /OUTPUT 3 "cout";
L_00000000015e2970 .functor AND 1, L_00000000015df5e0, L_00000000015de500, C4<1>, C4<1>;
L_00000000015e2dd0 .functor OR 1, L_00000000015df540, L_00000000015e2970, C4<0>, C4<0>;
L_00000000015e25f0 .functor AND 1, L_00000000015de000, L_00000000015df720, C4<1>, C4<1>;
L_00000000015e2660 .functor AND 1, L_00000000015e25f0, L_00000000015ddd80, C4<1>, C4<1>;
L_00000000015e2eb0 .functor OR 1, L_00000000015e2dd0, L_00000000015e2660, C4<0>, C4<0>;
L_00000000015e2ac0 .functor AND 1, L_00000000015df7c0, L_00000000015dde20, C4<1>, C4<1>;
L_00000000015e2f90 .functor AND 1, L_00000000015e2ac0, L_00000000015de640, C4<1>, C4<1>;
L_00000000015e3000 .functor AND 1, L_00000000015e2f90, L_00000000015de0a0, C4<1>, C4<1>;
L_00000000015e30e0 .functor OR 1, L_00000000015e2eb0, L_00000000015e3000, C4<0>, C4<0>;
L_00000000015e2740 .functor AND 1, L_00000000015e0300, o0000000001592e78, C4<1>, C4<1>;
L_00000000015e3150 .functor OR 1, L_00000000015dfd60, L_00000000015e2740, C4<0>, C4<0>;
L_00000000015e3230 .functor AND 1, L_00000000015e0440, L_00000000015e0120, C4<1>, C4<1>;
L_00000000015e8bd0 .functor OR 1, L_00000000015dfe00, L_00000000015e3230, C4<0>, C4<0>;
L_00000000015e8c40 .functor AND 1, L_00000000015e01c0, L_00000000015e0260, C4<1>, C4<1>;
L_00000000015e8e00 .functor AND 1, L_00000000015e8c40, o0000000001592e78, C4<1>, C4<1>;
L_00000000015e8620 .functor OR 1, L_00000000015e8bd0, L_00000000015e8e00, C4<0>, C4<0>;
L_00000000015e8af0 .functor AND 1, L_00000000015dff40, L_00000000015dffe0, C4<1>, C4<1>;
L_00000000015e8850 .functor OR 1, L_00000000015dfea0, L_00000000015e8af0, C4<0>, C4<0>;
L_00000000015e8ee0 .functor AND 1, L_00000000015e0080, L_00000000015d9320, C4<1>, C4<1>;
L_00000000015e9340 .functor AND 1, L_00000000015e8ee0, L_00000000015d87e0, C4<1>, C4<1>;
L_00000000015e85b0 .functor OR 1, L_00000000015e8850, L_00000000015e9340, C4<0>, C4<0>;
L_00000000015e93b0 .functor AND 1, L_00000000015d8560, L_00000000015da180, C4<1>, C4<1>;
L_00000000015e92d0 .functor AND 1, L_00000000015e93b0, L_00000000015d8600, C4<1>, C4<1>;
L_00000000015e8690 .functor AND 1, L_00000000015e92d0, o0000000001592e78, C4<1>, C4<1>;
L_00000000015e8700 .functor OR 1, L_00000000015e85b0, L_00000000015e8690, C4<0>, C4<0>;
v00000000015cbce0_0 .net *"_s1", 0 0, L_00000000015df540;  1 drivers
v00000000015ca840_0 .net *"_s100", 0 0, L_00000000015da180;  1 drivers
v00000000015cac00_0 .net *"_s101", 0 0, L_00000000015e93b0;  1 drivers
v00000000015caca0_0 .net *"_s104", 0 0, L_00000000015d8600;  1 drivers
v00000000015cbe20_0 .net *"_s105", 0 0, L_00000000015e92d0;  1 drivers
v00000000015cc1e0_0 .net *"_s107", 0 0, L_00000000015e8690;  1 drivers
v00000000015cc320_0 .net *"_s109", 0 0, L_00000000015e8700;  1 drivers
v00000000015ccaa0_0 .net *"_s11", 0 0, L_00000000015de000;  1 drivers
v00000000015cb380_0 .net *"_s13", 0 0, L_00000000015df720;  1 drivers
v00000000015cb060_0 .net *"_s14", 0 0, L_00000000015e25f0;  1 drivers
v00000000015cc6e0_0 .net *"_s17", 0 0, L_00000000015ddd80;  1 drivers
v00000000015cb420_0 .net *"_s18", 0 0, L_00000000015e2660;  1 drivers
v00000000015cc3c0_0 .net *"_s20", 0 0, L_00000000015e2eb0;  1 drivers
v00000000015cb100_0 .net *"_s23", 0 0, L_00000000015df7c0;  1 drivers
v00000000015cb7e0_0 .net *"_s25", 0 0, L_00000000015dde20;  1 drivers
v00000000015cc960_0 .net *"_s26", 0 0, L_00000000015e2ac0;  1 drivers
v00000000015ccb40_0 .net *"_s29", 0 0, L_00000000015de640;  1 drivers
v00000000015cad40_0 .net *"_s3", 0 0, L_00000000015df5e0;  1 drivers
v00000000015cb1a0_0 .net *"_s30", 0 0, L_00000000015e2f90;  1 drivers
v00000000015cb560_0 .net *"_s33", 0 0, L_00000000015de0a0;  1 drivers
v00000000015cb880_0 .net *"_s34", 0 0, L_00000000015e3000;  1 drivers
v00000000015cb600_0 .net *"_s43", 0 0, L_00000000015dfd60;  1 drivers
v00000000015cb740_0 .net *"_s45", 0 0, L_00000000015e0300;  1 drivers
v00000000015cb9c0_0 .net *"_s46", 0 0, L_00000000015e2740;  1 drivers
v00000000015ccdc0_0 .net *"_s48", 0 0, L_00000000015e3150;  1 drivers
v00000000015cd2c0_0 .net *"_s5", 0 0, L_00000000015de500;  1 drivers
v00000000015cd400_0 .net *"_s53", 0 0, L_00000000015dfe00;  1 drivers
v00000000015cd4a0_0 .net *"_s55", 0 0, L_00000000015e0440;  1 drivers
v00000000015cd5e0_0 .net *"_s57", 0 0, L_00000000015e0120;  1 drivers
v00000000015cd7c0_0 .net *"_s58", 0 0, L_00000000015e3230;  1 drivers
v00000000015cdfe0_0 .net *"_s6", 0 0, L_00000000015e2970;  1 drivers
v00000000015cce60_0 .net *"_s60", 0 0, L_00000000015e8bd0;  1 drivers
v00000000015ce120_0 .net *"_s63", 0 0, L_00000000015e01c0;  1 drivers
v00000000015cd860_0 .net *"_s65", 0 0, L_00000000015e0260;  1 drivers
v00000000015ce080_0 .net *"_s66", 0 0, L_00000000015e8c40;  1 drivers
v00000000015ccf00_0 .net *"_s68", 0 0, L_00000000015e8e00;  1 drivers
v00000000015ccd20_0 .net *"_s70", 0 0, L_00000000015e8620;  1 drivers
v00000000015cdf40_0 .net *"_s76", 0 0, L_00000000015dfea0;  1 drivers
v00000000015cdb80_0 .net *"_s78", 0 0, L_00000000015dff40;  1 drivers
v00000000015ccfa0_0 .net *"_s8", 0 0, L_00000000015e2dd0;  1 drivers
v00000000015cd360_0 .net *"_s80", 0 0, L_00000000015dffe0;  1 drivers
v00000000015cd180_0 .net *"_s81", 0 0, L_00000000015e8af0;  1 drivers
v00000000015cd040_0 .net *"_s83", 0 0, L_00000000015e8850;  1 drivers
v00000000015ce1c0_0 .net *"_s86", 0 0, L_00000000015e0080;  1 drivers
v00000000015cd540_0 .net *"_s88", 0 0, L_00000000015d9320;  1 drivers
v00000000015cd220_0 .net *"_s89", 0 0, L_00000000015e8ee0;  1 drivers
v00000000015cd720_0 .net *"_s92", 0 0, L_00000000015d87e0;  1 drivers
v00000000015cdcc0_0 .net *"_s93", 0 0, L_00000000015e9340;  1 drivers
v00000000015cd680_0 .net *"_s95", 0 0, L_00000000015e85b0;  1 drivers
v00000000015cdc20_0 .net *"_s98", 0 0, L_00000000015d8560;  1 drivers
v00000000015cd900_0 .net "cin", 0 0, o0000000001592e78;  alias, 0 drivers
v00000000015cd9a0_0 .net "cout", 2 0, L_00000000015e03a0;  1 drivers
v00000000015cd0e0_0 .net "gin", 3 0, L_00000000015dab80;  1 drivers
v00000000015cda40_0 .net "gout", 0 0, L_00000000015e30e0;  1 drivers
v00000000015cdae0_0 .net "pin", 3 0, L_00000000015da400;  1 drivers
v00000000015cdd60_0 .net "pout", 0 0, L_00000000015de6e0;  1 drivers
L_00000000015df540 .part L_00000000015dab80, 3, 1;
L_00000000015df5e0 .part L_00000000015dab80, 2, 1;
L_00000000015de500 .part L_00000000015da400, 3, 1;
L_00000000015de000 .part L_00000000015dab80, 1, 1;
L_00000000015df720 .part L_00000000015da400, 3, 1;
L_00000000015ddd80 .part L_00000000015da400, 2, 1;
L_00000000015df7c0 .part L_00000000015dab80, 0, 1;
L_00000000015dde20 .part L_00000000015da400, 3, 1;
L_00000000015de640 .part L_00000000015da400, 2, 1;
L_00000000015de0a0 .part L_00000000015da400, 1, 1;
L_00000000015de6e0 .reduce/and L_00000000015da400;
L_00000000015dfd60 .part L_00000000015dab80, 0, 1;
L_00000000015e0300 .part L_00000000015da400, 0, 1;
L_00000000015dfe00 .part L_00000000015dab80, 1, 1;
L_00000000015e0440 .part L_00000000015da400, 1, 1;
L_00000000015e0120 .part L_00000000015dab80, 0, 1;
L_00000000015e01c0 .part L_00000000015da400, 1, 1;
L_00000000015e0260 .part L_00000000015da400, 0, 1;
L_00000000015e03a0 .concat8 [ 1 1 1 0], L_00000000015e3150, L_00000000015e8620, L_00000000015e8700;
L_00000000015dfea0 .part L_00000000015dab80, 2, 1;
L_00000000015dff40 .part L_00000000015da400, 2, 1;
L_00000000015dffe0 .part L_00000000015dab80, 1, 1;
L_00000000015e0080 .part L_00000000015da400, 2, 1;
L_00000000015d9320 .part L_00000000015da400, 1, 1;
L_00000000015d87e0 .part L_00000000015dab80, 0, 1;
L_00000000015d8560 .part L_00000000015da400, 2, 1;
L_00000000015da180 .part L_00000000015da400, 1, 1;
L_00000000015d8600 .part L_00000000015da400, 0, 1;
S_00000000015cecf0 .scope module, "mygp42" "gp4" 2 59, 2 27 0, S_00000000001bdf10;
 .timescale -9 -12;
    .port_info 0 /INPUT 4 "gin";
    .port_info 1 /INPUT 4 "pin";
    .port_info 2 /INPUT 1 "cin";
    .port_info 3 /OUTPUT 1 "gout";
    .port_info 4 /OUTPUT 1 "pout";
    .port_info 5 /OUTPUT 3 "cout";
L_00000000015e9260 .functor AND 1, L_00000000015da220, L_00000000015d9b40, C4<1>, C4<1>;
L_00000000015e9110 .functor OR 1, L_00000000015d8ce0, L_00000000015e9260, C4<0>, C4<0>;
L_00000000015e8cb0 .functor AND 1, L_00000000015d96e0, L_00000000015daa40, C4<1>, C4<1>;
L_00000000015e8b60 .functor AND 1, L_00000000015e8cb0, L_00000000015d8e20, C4<1>, C4<1>;
L_00000000015e8d20 .functor OR 1, L_00000000015e9110, L_00000000015e8b60, C4<0>, C4<0>;
L_00000000015e9420 .functor AND 1, L_00000000015da680, L_00000000015d9be0, C4<1>, C4<1>;
L_00000000015e8a80 .functor AND 1, L_00000000015e9420, L_00000000015d9d20, C4<1>, C4<1>;
L_00000000015e9180 .functor AND 1, L_00000000015e8a80, L_00000000015d90a0, C4<1>, C4<1>;
L_00000000015e8e70 .functor OR 1, L_00000000015e8d20, L_00000000015e9180, C4<0>, C4<0>;
L_00000000015e8fc0 .functor AND 1, L_00000000015da2c0, L_00000000015da7c0, C4<1>, C4<1>;
L_00000000015e8a10 .functor OR 1, L_00000000015daae0, L_00000000015e8fc0, C4<0>, C4<0>;
L_00000000015e8d90 .functor AND 1, L_00000000015da5e0, L_00000000015d89c0, C4<1>, C4<1>;
L_00000000015e9030 .functor OR 1, L_00000000015da900, L_00000000015e8d90, C4<0>, C4<0>;
L_00000000015e8f50 .functor AND 1, L_00000000015dac20, L_00000000015d8f60, C4<1>, C4<1>;
L_00000000015e90a0 .functor AND 1, L_00000000015e8f50, L_00000000015da7c0, C4<1>, C4<1>;
L_00000000015e87e0 .functor OR 1, L_00000000015e9030, L_00000000015e90a0, C4<0>, C4<0>;
L_00000000015e8770 .functor AND 1, L_00000000015da4a0, L_00000000015d8a60, C4<1>, C4<1>;
L_00000000015e91f0 .functor OR 1, L_00000000015da360, L_00000000015e8770, C4<0>, C4<0>;
L_00000000015e9490 .functor AND 1, L_00000000015d9000, L_00000000015d9140, C4<1>, C4<1>;
L_00000000015e88c0 .functor AND 1, L_00000000015e9490, L_00000000015da720, C4<1>, C4<1>;
L_00000000015e8930 .functor OR 1, L_00000000015e91f0, L_00000000015e88c0, C4<0>, C4<0>;
L_00000000015e89a0 .functor AND 1, L_00000000015d8920, L_00000000015d91e0, C4<1>, C4<1>;
L_00000000015e27b0 .functor AND 1, L_00000000015e89a0, L_00000000015d86a0, C4<1>, C4<1>;
L_00000000015ea620 .functor AND 1, L_00000000015e27b0, L_00000000015da7c0, C4<1>, C4<1>;
L_00000000015eaf50 .functor OR 1, L_00000000015e8930, L_00000000015ea620, C4<0>, C4<0>;
v00000000015cde00_0 .net *"_s1", 0 0, L_00000000015d8ce0;  1 drivers
v00000000015ce260_0 .net *"_s100", 0 0, L_00000000015d91e0;  1 drivers
v00000000015cdea0_0 .net *"_s101", 0 0, L_00000000015e89a0;  1 drivers
v00000000015ce300_0 .net *"_s104", 0 0, L_00000000015d86a0;  1 drivers
v00000000015ce3a0_0 .net *"_s105", 0 0, L_00000000015e27b0;  1 drivers
v00000000015d1800_0 .net *"_s107", 0 0, L_00000000015ea620;  1 drivers
v00000000015d0f40_0 .net *"_s109", 0 0, L_00000000015eaf50;  1 drivers
v00000000015d1b20_0 .net *"_s11", 0 0, L_00000000015d96e0;  1 drivers
v00000000015d2ca0_0 .net *"_s13", 0 0, L_00000000015daa40;  1 drivers
v00000000015d2840_0 .net *"_s14", 0 0, L_00000000015e8cb0;  1 drivers
v00000000015d22a0_0 .net *"_s17", 0 0, L_00000000015d8e20;  1 drivers
v00000000015d13a0_0 .net *"_s18", 0 0, L_00000000015e8b60;  1 drivers
v00000000015d0e00_0 .net *"_s20", 0 0, L_00000000015e8d20;  1 drivers
v00000000015d1bc0_0 .net *"_s23", 0 0, L_00000000015da680;  1 drivers
v00000000015d1a80_0 .net *"_s25", 0 0, L_00000000015d9be0;  1 drivers
v00000000015d2ac0_0 .net *"_s26", 0 0, L_00000000015e9420;  1 drivers
v00000000015d1260_0 .net *"_s29", 0 0, L_00000000015d9d20;  1 drivers
v00000000015d0720_0 .net *"_s3", 0 0, L_00000000015da220;  1 drivers
v00000000015d1c60_0 .net *"_s30", 0 0, L_00000000015e8a80;  1 drivers
v00000000015d1940_0 .net *"_s33", 0 0, L_00000000015d90a0;  1 drivers
v00000000015d0ea0_0 .net *"_s34", 0 0, L_00000000015e9180;  1 drivers
v00000000015d18a0_0 .net *"_s43", 0 0, L_00000000015daae0;  1 drivers
v00000000015d20c0_0 .net *"_s45", 0 0, L_00000000015da2c0;  1 drivers
v00000000015d1120_0 .net *"_s46", 0 0, L_00000000015e8fc0;  1 drivers
v00000000015d07c0_0 .net *"_s48", 0 0, L_00000000015e8a10;  1 drivers
v00000000015d0680_0 .net *"_s5", 0 0, L_00000000015d9b40;  1 drivers
v00000000015d0d60_0 .net *"_s53", 0 0, L_00000000015da900;  1 drivers
v00000000015d0fe0_0 .net *"_s55", 0 0, L_00000000015da5e0;  1 drivers
v00000000015d1080_0 .net *"_s57", 0 0, L_00000000015d89c0;  1 drivers
v00000000015d11c0_0 .net *"_s58", 0 0, L_00000000015e8d90;  1 drivers
v00000000015d1d00_0 .net *"_s6", 0 0, L_00000000015e9260;  1 drivers
v00000000015d2520_0 .net *"_s60", 0 0, L_00000000015e9030;  1 drivers
v00000000015d2660_0 .net *"_s63", 0 0, L_00000000015dac20;  1 drivers
v00000000015d1e40_0 .net *"_s65", 0 0, L_00000000015d8f60;  1 drivers
v00000000015d1440_0 .net *"_s66", 0 0, L_00000000015e8f50;  1 drivers
v00000000015d0860_0 .net *"_s68", 0 0, L_00000000015e90a0;  1 drivers
v00000000015d0900_0 .net *"_s70", 0 0, L_00000000015e87e0;  1 drivers
v00000000015d1300_0 .net *"_s76", 0 0, L_00000000015da360;  1 drivers
v00000000015d19e0_0 .net *"_s78", 0 0, L_00000000015da4a0;  1 drivers
v00000000015d05e0_0 .net *"_s8", 0 0, L_00000000015e9110;  1 drivers
v00000000015d2200_0 .net *"_s80", 0 0, L_00000000015d8a60;  1 drivers
v00000000015d1da0_0 .net *"_s81", 0 0, L_00000000015e8770;  1 drivers
v00000000015d09a0_0 .net *"_s83", 0 0, L_00000000015e91f0;  1 drivers
v00000000015d0a40_0 .net *"_s86", 0 0, L_00000000015d9000;  1 drivers
v00000000015d28e0_0 .net *"_s88", 0 0, L_00000000015d9140;  1 drivers
v00000000015d16c0_0 .net *"_s89", 0 0, L_00000000015e9490;  1 drivers
v00000000015d1ee0_0 .net *"_s92", 0 0, L_00000000015da720;  1 drivers
v00000000015d0ae0_0 .net *"_s93", 0 0, L_00000000015e88c0;  1 drivers
v00000000015d2160_0 .net *"_s95", 0 0, L_00000000015e8930;  1 drivers
v00000000015d1f80_0 .net *"_s98", 0 0, L_00000000015d8920;  1 drivers
v00000000015d2980_0 .net "cin", 0 0, L_00000000015da7c0;  1 drivers
v00000000015d14e0_0 .net "cout", 2 0, L_00000000015d8ec0;  1 drivers
v00000000015d1580_0 .net "gin", 3 0, L_00000000015d9280;  1 drivers
v00000000015d0b80_0 .net "gout", 0 0, L_00000000015e8e70;  1 drivers
v00000000015d0c20_0 .net "pin", 3 0, L_00000000015da540;  1 drivers
v00000000015d1620_0 .net "pout", 0 0, L_00000000015da860;  1 drivers
L_00000000015d8ce0 .part L_00000000015d9280, 3, 1;
L_00000000015da220 .part L_00000000015d9280, 2, 1;
L_00000000015d9b40 .part L_00000000015da540, 3, 1;
L_00000000015d96e0 .part L_00000000015d9280, 1, 1;
L_00000000015daa40 .part L_00000000015da540, 3, 1;
L_00000000015d8e20 .part L_00000000015da540, 2, 1;
L_00000000015da680 .part L_00000000015d9280, 0, 1;
L_00000000015d9be0 .part L_00000000015da540, 3, 1;
L_00000000015d9d20 .part L_00000000015da540, 2, 1;
L_00000000015d90a0 .part L_00000000015da540, 1, 1;
L_00000000015da860 .reduce/and L_00000000015da540;
L_00000000015daae0 .part L_00000000015d9280, 0, 1;
L_00000000015da2c0 .part L_00000000015da540, 0, 1;
L_00000000015da900 .part L_00000000015d9280, 1, 1;
L_00000000015da5e0 .part L_00000000015da540, 1, 1;
L_00000000015d89c0 .part L_00000000015d9280, 0, 1;
L_00000000015dac20 .part L_00000000015da540, 1, 1;
L_00000000015d8f60 .part L_00000000015da540, 0, 1;
L_00000000015d8ec0 .concat8 [ 1 1 1 0], L_00000000015e8a10, L_00000000015e87e0, L_00000000015eaf50;
L_00000000015da360 .part L_00000000015d9280, 2, 1;
L_00000000015da4a0 .part L_00000000015da540, 2, 1;
L_00000000015d8a60 .part L_00000000015d9280, 1, 1;
L_00000000015d9000 .part L_00000000015da540, 2, 1;
L_00000000015d9140 .part L_00000000015da540, 1, 1;
L_00000000015da720 .part L_00000000015d9280, 0, 1;
L_00000000015d8920 .part L_00000000015da540, 2, 1;
L_00000000015d91e0 .part L_00000000015da540, 1, 1;
L_00000000015d86a0 .part L_00000000015da540, 0, 1;
S_00000000015cee80 .scope module, "mygp43" "gp4" 2 60, 2 27 0, S_00000000001bdf10;
 .timescale -9 -12;
    .port_info 0 /INPUT 4 "gin";
    .port_info 1 /INPUT 4 "pin";
    .port_info 2 /INPUT 1 "cin";
    .port_info 3 /OUTPUT 1 "gout";
    .port_info 4 /OUTPUT 1 "pout";
    .port_info 5 /OUTPUT 3 "cout";
L_00000000015ea9a0 .functor AND 1, L_00000000015d9820, L_00000000015d8b00, C4<1>, C4<1>;
L_00000000015ea700 .functor OR 1, L_00000000015d9460, L_00000000015ea9a0, C4<0>, C4<0>;
L_00000000015ea070 .functor AND 1, L_00000000015d9fa0, L_00000000015d8880, C4<1>, C4<1>;
L_00000000015ea000 .functor AND 1, L_00000000015ea070, L_00000000015da9a0, C4<1>, C4<1>;
L_00000000015eb3b0 .functor OR 1, L_00000000015ea700, L_00000000015ea000, C4<0>, C4<0>;
L_00000000015e9eb0 .functor AND 1, L_00000000015d93c0, L_00000000015d9500, C4<1>, C4<1>;
L_00000000015eae70 .functor AND 1, L_00000000015e9eb0, L_00000000015dacc0, C4<1>, C4<1>;
L_00000000015eaa10 .functor AND 1, L_00000000015eae70, L_00000000015d95a0, C4<1>, C4<1>;
L_00000000015eb420 .functor OR 1, L_00000000015eb3b0, L_00000000015eaa10, C4<0>, C4<0>;
L_00000000015eaaf0 .functor AND 1, L_00000000015d9960, L_00000000015ede70, C4<1>, C4<1>;
L_00000000015ea770 .functor OR 1, L_00000000015d9c80, L_00000000015eaaf0, C4<0>, C4<0>;
L_00000000015e9ba0 .functor AND 1, L_00000000015d8c40, L_00000000015d8d80, C4<1>, C4<1>;
L_00000000015ea7e0 .functor OR 1, L_00000000015d8ba0, L_00000000015e9ba0, C4<0>, C4<0>;
L_00000000015eb570 .functor AND 1, L_00000000015d9640, L_00000000015d9780, C4<1>, C4<1>;
L_00000000015ea0e0 .functor AND 1, L_00000000015eb570, L_00000000015ede70, C4<1>, C4<1>;
L_00000000015e9c10 .functor OR 1, L_00000000015ea7e0, L_00000000015ea0e0, C4<0>, C4<0>;
L_00000000015eb2d0 .functor AND 1, L_00000000015d9aa0, L_00000000015d9dc0, C4<1>, C4<1>;
L_00000000015e99e0 .functor OR 1, L_00000000015d9a00, L_00000000015eb2d0, C4<0>, C4<0>;
L_00000000015e9a50 .functor AND 1, L_00000000015d9e60, L_00000000015d9f00, C4<1>, C4<1>;
L_00000000015ead90 .functor AND 1, L_00000000015e9a50, L_00000000015da040, C4<1>, C4<1>;
L_00000000015eb340 .functor OR 1, L_00000000015e99e0, L_00000000015ead90, C4<0>, C4<0>;
L_00000000015ea460 .functor AND 1, L_00000000015da0e0, L_00000000015edb50, C4<1>, C4<1>;
L_00000000015eafc0 .functor AND 1, L_00000000015ea460, L_00000000015ecc50, C4<1>, C4<1>;
L_00000000015e9f20 .functor AND 1, L_00000000015eafc0, L_00000000015ede70, C4<1>, C4<1>;
L_00000000015eae00 .functor OR 1, L_00000000015eb340, L_00000000015e9f20, C4<0>, C4<0>;
v00000000015d0cc0_0 .net *"_s1", 0 0, L_00000000015d9460;  1 drivers
v00000000015d2020_0 .net *"_s100", 0 0, L_00000000015edb50;  1 drivers
v00000000015d1760_0 .net *"_s101", 0 0, L_00000000015ea460;  1 drivers
v00000000015d2a20_0 .net *"_s104", 0 0, L_00000000015ecc50;  1 drivers
v00000000015d2340_0 .net *"_s105", 0 0, L_00000000015eafc0;  1 drivers
v00000000015d23e0_0 .net *"_s107", 0 0, L_00000000015e9f20;  1 drivers
v00000000015d2b60_0 .net *"_s109", 0 0, L_00000000015eae00;  1 drivers
v00000000015d2480_0 .net *"_s11", 0 0, L_00000000015d9fa0;  1 drivers
v00000000015d25c0_0 .net *"_s13", 0 0, L_00000000015d8880;  1 drivers
v00000000015d2700_0 .net *"_s14", 0 0, L_00000000015ea070;  1 drivers
v00000000015d27a0_0 .net *"_s17", 0 0, L_00000000015da9a0;  1 drivers
v00000000015d2c00_0 .net *"_s18", 0 0, L_00000000015ea000;  1 drivers
v00000000015d0540_0 .net *"_s20", 0 0, L_00000000015eb3b0;  1 drivers
v00000000015d2f20_0 .net *"_s23", 0 0, L_00000000015d93c0;  1 drivers
v00000000015d2d40_0 .net *"_s25", 0 0, L_00000000015d9500;  1 drivers
v00000000015d3560_0 .net *"_s26", 0 0, L_00000000015e9eb0;  1 drivers
v00000000015d3e20_0 .net *"_s29", 0 0, L_00000000015dacc0;  1 drivers
v00000000015d4140_0 .net *"_s3", 0 0, L_00000000015d9820;  1 drivers
v00000000015d34c0_0 .net *"_s30", 0 0, L_00000000015eae70;  1 drivers
v00000000015d37e0_0 .net *"_s33", 0 0, L_00000000015d95a0;  1 drivers
v00000000015d3420_0 .net *"_s34", 0 0, L_00000000015eaa10;  1 drivers
v00000000015d3c40_0 .net *"_s43", 0 0, L_00000000015d9c80;  1 drivers
v00000000015d3ce0_0 .net *"_s45", 0 0, L_00000000015d9960;  1 drivers
v00000000015d3920_0 .net *"_s46", 0 0, L_00000000015eaaf0;  1 drivers
v00000000015d41e0_0 .net *"_s48", 0 0, L_00000000015ea770;  1 drivers
v00000000015d4280_0 .net *"_s5", 0 0, L_00000000015d8b00;  1 drivers
v00000000015d4320_0 .net *"_s53", 0 0, L_00000000015d8ba0;  1 drivers
v00000000015d3ec0_0 .net *"_s55", 0 0, L_00000000015d8c40;  1 drivers
v00000000015d3880_0 .net *"_s57", 0 0, L_00000000015d8d80;  1 drivers
v00000000015d3380_0 .net *"_s58", 0 0, L_00000000015e9ba0;  1 drivers
v00000000015d3a60_0 .net *"_s6", 0 0, L_00000000015ea9a0;  1 drivers
v00000000015d2de0_0 .net *"_s60", 0 0, L_00000000015ea7e0;  1 drivers
v00000000015d3ba0_0 .net *"_s63", 0 0, L_00000000015d9640;  1 drivers
v00000000015d43c0_0 .net *"_s65", 0 0, L_00000000015d9780;  1 drivers
v00000000015d3240_0 .net *"_s66", 0 0, L_00000000015eb570;  1 drivers
v00000000015d3d80_0 .net *"_s68", 0 0, L_00000000015ea0e0;  1 drivers
v00000000015d3100_0 .net *"_s70", 0 0, L_00000000015e9c10;  1 drivers
v00000000015d3b00_0 .net *"_s76", 0 0, L_00000000015d9a00;  1 drivers
v00000000015d4000_0 .net *"_s78", 0 0, L_00000000015d9aa0;  1 drivers
v00000000015d3600_0 .net *"_s8", 0 0, L_00000000015ea700;  1 drivers
v00000000015d3f60_0 .net *"_s80", 0 0, L_00000000015d9dc0;  1 drivers
v00000000015d40a0_0 .net *"_s81", 0 0, L_00000000015eb2d0;  1 drivers
v00000000015d2e80_0 .net *"_s83", 0 0, L_00000000015e99e0;  1 drivers
v00000000015d3060_0 .net *"_s86", 0 0, L_00000000015d9e60;  1 drivers
v00000000015d39c0_0 .net *"_s88", 0 0, L_00000000015d9f00;  1 drivers
v00000000015d2fc0_0 .net *"_s89", 0 0, L_00000000015e9a50;  1 drivers
v00000000015d31a0_0 .net *"_s92", 0 0, L_00000000015da040;  1 drivers
v00000000015d32e0_0 .net *"_s93", 0 0, L_00000000015ead90;  1 drivers
v00000000015d36a0_0 .net *"_s95", 0 0, L_00000000015eb340;  1 drivers
v00000000015d3740_0 .net *"_s98", 0 0, L_00000000015da0e0;  1 drivers
v00000000015d71b0_0 .net "cin", 0 0, L_00000000015ede70;  1 drivers
v00000000015d8330_0 .net "cout", 2 0, L_00000000015d98c0;  1 drivers
v00000000015d77f0_0 .net "gin", 3 0, L_00000000015eced0;  1 drivers
v00000000015d7250_0 .net "gout", 0 0, L_00000000015eb420;  1 drivers
v00000000015d7ed0_0 .net "pin", 3 0, L_00000000015ec390;  1 drivers
v00000000015d7390_0 .net "pout", 0 0, L_00000000015d8740;  1 drivers
L_00000000015d9460 .part L_00000000015eced0, 3, 1;
L_00000000015d9820 .part L_00000000015eced0, 2, 1;
L_00000000015d8b00 .part L_00000000015ec390, 3, 1;
L_00000000015d9fa0 .part L_00000000015eced0, 1, 1;
L_00000000015d8880 .part L_00000000015ec390, 3, 1;
L_00000000015da9a0 .part L_00000000015ec390, 2, 1;
L_00000000015d93c0 .part L_00000000015eced0, 0, 1;
L_00000000015d9500 .part L_00000000015ec390, 3, 1;
L_00000000015dacc0 .part L_00000000015ec390, 2, 1;
L_00000000015d95a0 .part L_00000000015ec390, 1, 1;
L_00000000015d8740 .reduce/and L_00000000015ec390;
L_00000000015d9c80 .part L_00000000015eced0, 0, 1;
L_00000000015d9960 .part L_00000000015ec390, 0, 1;
L_00000000015d8ba0 .part L_00000000015eced0, 1, 1;
L_00000000015d8c40 .part L_00000000015ec390, 1, 1;
L_00000000015d8d80 .part L_00000000015eced0, 0, 1;
L_00000000015d9640 .part L_00000000015ec390, 1, 1;
L_00000000015d9780 .part L_00000000015ec390, 0, 1;
L_00000000015d98c0 .concat8 [ 1 1 1 0], L_00000000015ea770, L_00000000015e9c10, L_00000000015eae00;
L_00000000015d9a00 .part L_00000000015eced0, 2, 1;
L_00000000015d9aa0 .part L_00000000015ec390, 2, 1;
L_00000000015d9dc0 .part L_00000000015eced0, 1, 1;
L_00000000015d9e60 .part L_00000000015ec390, 2, 1;
L_00000000015d9f00 .part L_00000000015ec390, 1, 1;
L_00000000015da040 .part L_00000000015eced0, 0, 1;
L_00000000015da0e0 .part L_00000000015ec390, 2, 1;
L_00000000015edb50 .part L_00000000015ec390, 1, 1;
L_00000000015ecc50 .part L_00000000015ec390, 0, 1;
S_00000000015cf010 .scope module, "mygp44" "gp4" 2 61, 2 27 0, S_00000000001bdf10;
 .timescale -9 -12;
    .port_info 0 /INPUT 4 "gin";
    .port_info 1 /INPUT 4 "pin";
    .port_info 2 /INPUT 1 "cin";
    .port_info 3 /OUTPUT 1 "gout";
    .port_info 4 /OUTPUT 1 "pout";
    .port_info 5 /OUTPUT 3 "cout";
L_00000000015ea690 .functor AND 1, L_00000000015ee050, L_00000000015ee190, C4<1>, C4<1>;
L_00000000015ea3f0 .functor OR 1, L_00000000015ebdf0, L_00000000015ea690, C4<0>, C4<0>;
L_00000000015eacb0 .functor AND 1, L_00000000015ec110, L_00000000015ec4d0, C4<1>, C4<1>;
L_00000000015e9ac0 .functor AND 1, L_00000000015eacb0, L_00000000015eddd0, C4<1>, C4<1>;
L_00000000015eaee0 .functor OR 1, L_00000000015ea3f0, L_00000000015e9ac0, C4<0>, C4<0>;
L_00000000015e9c80 .functor AND 1, L_00000000015edf10, L_00000000015ec070, C4<1>, C4<1>;
L_00000000015e9cf0 .functor AND 1, L_00000000015e9c80, L_00000000015ecf70, C4<1>, C4<1>;
L_00000000015e9b30 .functor AND 1, L_00000000015e9cf0, L_00000000015ec7f0, C4<1>, C4<1>;
L_00000000015ea2a0 .functor OR 1, L_00000000015eaee0, L_00000000015e9b30, C4<0>, C4<0>;
L_00000000015eb030 .functor AND 1, L_00000000015edd30, L_00000000015ed6f0, C4<1>, C4<1>;
L_00000000015ea850 .functor OR 1, L_00000000015ed010, L_00000000015eb030, C4<0>, C4<0>;
L_00000000015e9d60 .functor AND 1, L_00000000015ebc10, L_00000000015ecd90, C4<1>, C4<1>;
L_00000000015ea8c0 .functor OR 1, L_00000000015ec1b0, L_00000000015e9d60, C4<0>, C4<0>;
L_00000000015eb0a0 .functor AND 1, L_00000000015edfb0, L_00000000015ebcb0, C4<1>, C4<1>;
L_00000000015e9dd0 .functor AND 1, L_00000000015eb0a0, L_00000000015ed6f0, C4<1>, C4<1>;
L_00000000015e9f90 .functor OR 1, L_00000000015ea8c0, L_00000000015e9dd0, C4<0>, C4<0>;
L_00000000015eb1f0 .functor AND 1, L_00000000015eda10, L_00000000015ed0b0, C4<1>, C4<1>;
L_00000000015e9e40 .functor OR 1, L_00000000015ed470, L_00000000015eb1f0, C4<0>, C4<0>;
L_00000000015ea930 .functor AND 1, L_00000000015ee230, L_00000000015ee2d0, C4<1>, C4<1>;
L_00000000015ea4d0 .functor AND 1, L_00000000015ea930, L_00000000015ec930, C4<1>, C4<1>;
L_00000000015ea150 .functor OR 1, L_00000000015e9e40, L_00000000015ea4d0, C4<0>, C4<0>;
L_00000000015ea540 .functor AND 1, L_00000000015edab0, L_00000000015edbf0, C4<1>, C4<1>;
L_00000000015ea1c0 .functor AND 1, L_00000000015ea540, L_00000000015ecb10, C4<1>, C4<1>;
L_00000000015eaa80 .functor AND 1, L_00000000015ea1c0, L_00000000015ed6f0, C4<1>, C4<1>;
L_00000000015ea230 .functor OR 1, L_00000000015ea150, L_00000000015eaa80, C4<0>, C4<0>;
v00000000015d81f0_0 .net *"_s1", 0 0, L_00000000015ebdf0;  1 drivers
v00000000015d74d0_0 .net *"_s100", 0 0, L_00000000015edbf0;  1 drivers
v00000000015d8010_0 .net *"_s101", 0 0, L_00000000015ea540;  1 drivers
v00000000015d7e30_0 .net *"_s104", 0 0, L_00000000015ecb10;  1 drivers
v00000000015d7890_0 .net *"_s105", 0 0, L_00000000015ea1c0;  1 drivers
v00000000015d6df0_0 .net *"_s107", 0 0, L_00000000015eaa80;  1 drivers
v00000000015d6f30_0 .net *"_s109", 0 0, L_00000000015ea230;  1 drivers
v00000000015d8290_0 .net *"_s11", 0 0, L_00000000015ec110;  1 drivers
v00000000015d7750_0 .net *"_s13", 0 0, L_00000000015ec4d0;  1 drivers
v00000000015d7930_0 .net *"_s14", 0 0, L_00000000015eacb0;  1 drivers
v00000000015d6d50_0 .net *"_s17", 0 0, L_00000000015eddd0;  1 drivers
v00000000015d72f0_0 .net *"_s18", 0 0, L_00000000015e9ac0;  1 drivers
v00000000015d6fd0_0 .net *"_s20", 0 0, L_00000000015eaee0;  1 drivers
v00000000015d6e90_0 .net *"_s23", 0 0, L_00000000015edf10;  1 drivers
v00000000015d7f70_0 .net *"_s25", 0 0, L_00000000015ec070;  1 drivers
v00000000015d7430_0 .net *"_s26", 0 0, L_00000000015e9c80;  1 drivers
v00000000015d7110_0 .net *"_s29", 0 0, L_00000000015ecf70;  1 drivers
v00000000015d76b0_0 .net *"_s3", 0 0, L_00000000015ee050;  1 drivers
v00000000015d7c50_0 .net *"_s30", 0 0, L_00000000015e9cf0;  1 drivers
v00000000015d7070_0 .net *"_s33", 0 0, L_00000000015ec7f0;  1 drivers
v00000000015d7cf0_0 .net *"_s34", 0 0, L_00000000015e9b30;  1 drivers
v00000000015d79d0_0 .net *"_s43", 0 0, L_00000000015ed010;  1 drivers
v00000000015d83d0_0 .net *"_s45", 0 0, L_00000000015edd30;  1 drivers
v00000000015d7a70_0 .net *"_s46", 0 0, L_00000000015eb030;  1 drivers
v00000000015d7b10_0 .net *"_s48", 0 0, L_00000000015ea850;  1 drivers
v00000000015d7610_0 .net *"_s5", 0 0, L_00000000015ee190;  1 drivers
v00000000015d7bb0_0 .net *"_s53", 0 0, L_00000000015ec1b0;  1 drivers
v00000000015d7d90_0 .net *"_s55", 0 0, L_00000000015ebc10;  1 drivers
v00000000015d80b0_0 .net *"_s57", 0 0, L_00000000015ecd90;  1 drivers
v00000000015d7570_0 .net *"_s58", 0 0, L_00000000015e9d60;  1 drivers
v00000000015d8150_0 .net *"_s6", 0 0, L_00000000015ea690;  1 drivers
v00000000015d5810_0 .net *"_s60", 0 0, L_00000000015ea8c0;  1 drivers
v00000000015d4e10_0 .net *"_s63", 0 0, L_00000000015edfb0;  1 drivers
v00000000015d4ff0_0 .net *"_s65", 0 0, L_00000000015ebcb0;  1 drivers
v00000000015d5310_0 .net *"_s66", 0 0, L_00000000015eb0a0;  1 drivers
v00000000015d5450_0 .net *"_s68", 0 0, L_00000000015e9dd0;  1 drivers
v00000000015d5270_0 .net *"_s70", 0 0, L_00000000015e9f90;  1 drivers
v00000000015d58b0_0 .net *"_s76", 0 0, L_00000000015ed470;  1 drivers
v00000000015d60d0_0 .net *"_s78", 0 0, L_00000000015eda10;  1 drivers
v00000000015d5130_0 .net *"_s8", 0 0, L_00000000015ea3f0;  1 drivers
v00000000015d4730_0 .net *"_s80", 0 0, L_00000000015ed0b0;  1 drivers
v00000000015d49b0_0 .net *"_s81", 0 0, L_00000000015eb1f0;  1 drivers
v00000000015d67b0_0 .net *"_s83", 0 0, L_00000000015e9e40;  1 drivers
v00000000015d4cd0_0 .net *"_s86", 0 0, L_00000000015ee230;  1 drivers
v00000000015d4eb0_0 .net *"_s88", 0 0, L_00000000015ee2d0;  1 drivers
v00000000015d4f50_0 .net *"_s89", 0 0, L_00000000015ea930;  1 drivers
v00000000015d5a90_0 .net *"_s92", 0 0, L_00000000015ec930;  1 drivers
v00000000015d6530_0 .net *"_s93", 0 0, L_00000000015ea4d0;  1 drivers
v00000000015d6670_0 .net *"_s95", 0 0, L_00000000015ea150;  1 drivers
v00000000015d5e50_0 .net *"_s98", 0 0, L_00000000015edab0;  1 drivers
v00000000015d53b0_0 .net "cin", 0 0, L_00000000015ed6f0;  1 drivers
v00000000015d5090_0 .net "cout", 2 0, L_00000000015ec890;  1 drivers
v00000000015d6990_0 .net "gin", 3 0, L_00000000015ed150;  1 drivers
v00000000015d51d0_0 .net "gout", 0 0, L_00000000015ea2a0;  1 drivers
v00000000015d5950_0 .net "pin", 3 0, L_00000000015ec430;  1 drivers
v00000000015d6710_0 .net "pout", 0 0, L_00000000015ecbb0;  1 drivers
L_00000000015ebdf0 .part L_00000000015ed150, 3, 1;
L_00000000015ee050 .part L_00000000015ed150, 2, 1;
L_00000000015ee190 .part L_00000000015ec430, 3, 1;
L_00000000015ec110 .part L_00000000015ed150, 1, 1;
L_00000000015ec4d0 .part L_00000000015ec430, 3, 1;
L_00000000015eddd0 .part L_00000000015ec430, 2, 1;
L_00000000015edf10 .part L_00000000015ed150, 0, 1;
L_00000000015ec070 .part L_00000000015ec430, 3, 1;
L_00000000015ecf70 .part L_00000000015ec430, 2, 1;
L_00000000015ec7f0 .part L_00000000015ec430, 1, 1;
L_00000000015ecbb0 .reduce/and L_00000000015ec430;
L_00000000015ed010 .part L_00000000015ed150, 0, 1;
L_00000000015edd30 .part L_00000000015ec430, 0, 1;
L_00000000015ec1b0 .part L_00000000015ed150, 1, 1;
L_00000000015ebc10 .part L_00000000015ec430, 1, 1;
L_00000000015ecd90 .part L_00000000015ed150, 0, 1;
L_00000000015edfb0 .part L_00000000015ec430, 1, 1;
L_00000000015ebcb0 .part L_00000000015ec430, 0, 1;
L_00000000015ec890 .concat8 [ 1 1 1 0], L_00000000015ea850, L_00000000015e9f90, L_00000000015ea230;
L_00000000015ed470 .part L_00000000015ed150, 2, 1;
L_00000000015eda10 .part L_00000000015ec430, 2, 1;
L_00000000015ed0b0 .part L_00000000015ed150, 1, 1;
L_00000000015ee230 .part L_00000000015ec430, 2, 1;
L_00000000015ee2d0 .part L_00000000015ec430, 1, 1;
L_00000000015ec930 .part L_00000000015ed150, 0, 1;
L_00000000015edab0 .part L_00000000015ec430, 2, 1;
L_00000000015edbf0 .part L_00000000015ec430, 1, 1;
L_00000000015ecb10 .part L_00000000015ec430, 0, 1;
S_00000000015cf4c0 .scope module, "mygp4top" "gp4" 2 62, 2 27 0, S_00000000001bdf10;
 .timescale -9 -12;
    .port_info 0 /INPUT 4 "gin";
    .port_info 1 /INPUT 4 "pin";
    .port_info 2 /INPUT 1 "cin";
    .port_info 3 /OUTPUT 1 "gout";
    .port_info 4 /OUTPUT 1 "pout";
    .port_info 5 /OUTPUT 3 "cout";
L_00000000015ea310 .functor AND 1, L_00000000015ee0f0, L_00000000015ee370, C4<1>, C4<1>;
L_00000000015ea380 .functor OR 1, L_00000000015ed8d0, L_00000000015ea310, C4<0>, C4<0>;
L_00000000015ea5b0 .functor AND 1, L_00000000015ed790, L_00000000015ebd50, C4<1>, C4<1>;
L_00000000015ead20 .functor AND 1, L_00000000015ea5b0, L_00000000015ebe90, C4<1>, C4<1>;
L_00000000015eb490 .functor OR 1, L_00000000015ea380, L_00000000015ead20, C4<0>, C4<0>;
L_00000000015eb110 .functor AND 1, L_00000000015ed3d0, L_00000000015ebfd0, C4<1>, C4<1>;
L_00000000015eab60 .functor AND 1, L_00000000015eb110, L_00000000015ece30, C4<1>, C4<1>;
L_00000000015eabd0 .functor AND 1, L_00000000015eab60, L_00000000015ed830, C4<1>, C4<1>;
L_00000000015eb180 .functor OR 1, L_00000000015eb490, L_00000000015eabd0, C4<0>, C4<0>;
L_00000000015eb260 .functor AND 1, L_00000000015ec2f0, o0000000001592e78, C4<1>, C4<1>;
L_00000000015eb500 .functor OR 1, L_00000000015edc90, L_00000000015eb260, C4<0>, C4<0>;
L_00000000015eac40 .functor AND 1, L_00000000015ed290, L_00000000015ed510, C4<1>, C4<1>;
L_00000000015eb810 .functor OR 1, L_00000000015ec9d0, L_00000000015eac40, C4<0>, C4<0>;
L_00000000015eb6c0 .functor AND 1, L_00000000015ed5b0, L_00000000015ed970, C4<1>, C4<1>;
L_00000000015eb8f0 .functor AND 1, L_00000000015eb6c0, o0000000001592e78, C4<1>, C4<1>;
L_00000000015eb730 .functor OR 1, L_00000000015eb810, L_00000000015eb8f0, C4<0>, C4<0>;
L_00000000015eb5e0 .functor AND 1, L_00000000015ec6b0, L_00000000015eccf0, C4<1>, C4<1>;
L_00000000015eb650 .functor OR 1, L_00000000015ec610, L_00000000015eb5e0, C4<0>, C4<0>;
L_00000000015eb880 .functor AND 1, L_00000000015ed330, L_00000000015eca70, C4<1>, C4<1>;
L_00000000015eb7a0 .functor AND 1, L_00000000015eb880, L_00000000015ed1f0, C4<1>, C4<1>;
L_00000000015f9230 .functor OR 1, L_00000000015eb650, L_00000000015eb7a0, C4<0>, C4<0>;
L_00000000015f9380 .functor AND 1, L_00000000015ed650, L_00000000015f0030, C4<1>, C4<1>;
L_00000000015f9770 .functor AND 1, L_00000000015f9380, L_00000000015ee410, C4<1>, C4<1>;
L_00000000015f9b60 .functor AND 1, L_00000000015f9770, o0000000001592e78, C4<1>, C4<1>;
L_00000000015f9850 .functor OR 1, L_00000000015f9230, L_00000000015f9b60, C4<0>, C4<0>;
v00000000015d59f0_0 .net *"_s1", 0 0, L_00000000015ed8d0;  1 drivers
v00000000015d68f0_0 .net *"_s100", 0 0, L_00000000015f0030;  1 drivers
v00000000015d6170_0 .net *"_s101", 0 0, L_00000000015f9380;  1 drivers
v00000000015d6ad0_0 .net *"_s104", 0 0, L_00000000015ee410;  1 drivers
v00000000015d5b30_0 .net *"_s105", 0 0, L_00000000015f9770;  1 drivers
v00000000015d5bd0_0 .net *"_s107", 0 0, L_00000000015f9b60;  1 drivers
v00000000015d6a30_0 .net *"_s109", 0 0, L_00000000015f9850;  1 drivers
v00000000015d65d0_0 .net *"_s11", 0 0, L_00000000015ed790;  1 drivers
v00000000015d4d70_0 .net *"_s13", 0 0, L_00000000015ebd50;  1 drivers
v00000000015d4690_0 .net *"_s14", 0 0, L_00000000015ea5b0;  1 drivers
v00000000015d54f0_0 .net *"_s17", 0 0, L_00000000015ebe90;  1 drivers
v00000000015d5c70_0 .net *"_s18", 0 0, L_00000000015ead20;  1 drivers
v00000000015d6cb0_0 .net *"_s20", 0 0, L_00000000015eb490;  1 drivers
v00000000015d5590_0 .net *"_s23", 0 0, L_00000000015ed3d0;  1 drivers
v00000000015d47d0_0 .net *"_s25", 0 0, L_00000000015ebfd0;  1 drivers
v00000000015d5d10_0 .net *"_s26", 0 0, L_00000000015eb110;  1 drivers
v00000000015d5630_0 .net *"_s29", 0 0, L_00000000015ece30;  1 drivers
v00000000015d4870_0 .net *"_s3", 0 0, L_00000000015ee0f0;  1 drivers
v00000000015d4910_0 .net *"_s30", 0 0, L_00000000015eab60;  1 drivers
v00000000015d4c30_0 .net *"_s33", 0 0, L_00000000015ed830;  1 drivers
v00000000015d56d0_0 .net *"_s34", 0 0, L_00000000015eabd0;  1 drivers
v00000000015d5770_0 .net *"_s43", 0 0, L_00000000015edc90;  1 drivers
v00000000015d6b70_0 .net *"_s45", 0 0, L_00000000015ec2f0;  1 drivers
v00000000015d5db0_0 .net *"_s46", 0 0, L_00000000015eb260;  1 drivers
v00000000015d5ef0_0 .net *"_s48", 0 0, L_00000000015eb500;  1 drivers
v00000000015d5f90_0 .net *"_s5", 0 0, L_00000000015ee370;  1 drivers
v00000000015d6030_0 .net *"_s53", 0 0, L_00000000015ec9d0;  1 drivers
v00000000015d6210_0 .net *"_s55", 0 0, L_00000000015ed290;  1 drivers
v00000000015d62b0_0 .net *"_s57", 0 0, L_00000000015ed510;  1 drivers
v00000000015d6350_0 .net *"_s58", 0 0, L_00000000015eac40;  1 drivers
v00000000015d6850_0 .net *"_s6", 0 0, L_00000000015ea310;  1 drivers
v00000000015d63f0_0 .net *"_s60", 0 0, L_00000000015eb810;  1 drivers
v00000000015d6c10_0 .net *"_s63", 0 0, L_00000000015ed5b0;  1 drivers
v00000000015d4550_0 .net *"_s65", 0 0, L_00000000015ed970;  1 drivers
v00000000015d6490_0 .net *"_s66", 0 0, L_00000000015eb6c0;  1 drivers
v00000000015d45f0_0 .net *"_s68", 0 0, L_00000000015eb8f0;  1 drivers
v00000000015d4a50_0 .net *"_s70", 0 0, L_00000000015eb730;  1 drivers
v00000000015d4af0_0 .net *"_s76", 0 0, L_00000000015ec610;  1 drivers
v00000000015d4b90_0 .net *"_s78", 0 0, L_00000000015ec6b0;  1 drivers
v00000000015db8a0_0 .net *"_s8", 0 0, L_00000000015ea380;  1 drivers
v00000000015dd100_0 .net *"_s80", 0 0, L_00000000015eccf0;  1 drivers
v00000000015db620_0 .net *"_s81", 0 0, L_00000000015eb5e0;  1 drivers
v00000000015dad60_0 .net *"_s83", 0 0, L_00000000015eb650;  1 drivers
v00000000015dd240_0 .net *"_s86", 0 0, L_00000000015ed330;  1 drivers
v00000000015dc660_0 .net *"_s88", 0 0, L_00000000015eca70;  1 drivers
v00000000015db800_0 .net *"_s89", 0 0, L_00000000015eb880;  1 drivers
v00000000015dc5c0_0 .net *"_s92", 0 0, L_00000000015ed1f0;  1 drivers
v00000000015db760_0 .net *"_s93", 0 0, L_00000000015eb7a0;  1 drivers
v00000000015dca20_0 .net *"_s95", 0 0, L_00000000015f9230;  1 drivers
v00000000015dce80_0 .net *"_s98", 0 0, L_00000000015ed650;  1 drivers
v00000000015daea0_0 .net "cin", 0 0, o0000000001592e78;  alias, 0 drivers
v00000000015dcac0_0 .net "cout", 2 0, L_00000000015ec570;  1 drivers
v00000000015dbbc0_0 .net "gin", 3 0, L_00000000015ebf30;  alias, 1 drivers
v00000000015db6c0_0 .net "gout", 0 0, L_00000000015eb180;  1 drivers
v00000000015db1c0_0 .net "pin", 3 0, L_00000000015ec750;  alias, 1 drivers
v00000000015dc3e0_0 .net "pout", 0 0, L_00000000015ec250;  1 drivers
L_00000000015ed8d0 .part L_00000000015ebf30, 3, 1;
L_00000000015ee0f0 .part L_00000000015ebf30, 2, 1;
L_00000000015ee370 .part L_00000000015ec750, 3, 1;
L_00000000015ed790 .part L_00000000015ebf30, 1, 1;
L_00000000015ebd50 .part L_00000000015ec750, 3, 1;
L_00000000015ebe90 .part L_00000000015ec750, 2, 1;
L_00000000015ed3d0 .part L_00000000015ebf30, 0, 1;
L_00000000015ebfd0 .part L_00000000015ec750, 3, 1;
L_00000000015ece30 .part L_00000000015ec750, 2, 1;
L_00000000015ed830 .part L_00000000015ec750, 1, 1;
L_00000000015ec250 .reduce/and L_00000000015ec750;
L_00000000015edc90 .part L_00000000015ebf30, 0, 1;
L_00000000015ec2f0 .part L_00000000015ec750, 0, 1;
L_00000000015ec9d0 .part L_00000000015ebf30, 1, 1;
L_00000000015ed290 .part L_00000000015ec750, 1, 1;
L_00000000015ed510 .part L_00000000015ebf30, 0, 1;
L_00000000015ed5b0 .part L_00000000015ec750, 1, 1;
L_00000000015ed970 .part L_00000000015ec750, 0, 1;
L_00000000015ec570 .concat8 [ 1 1 1 0], L_00000000015eb500, L_00000000015eb730, L_00000000015f9850;
L_00000000015ec610 .part L_00000000015ebf30, 2, 1;
L_00000000015ec6b0 .part L_00000000015ec750, 2, 1;
L_00000000015eccf0 .part L_00000000015ebf30, 1, 1;
L_00000000015ed330 .part L_00000000015ec750, 2, 1;
L_00000000015eca70 .part L_00000000015ec750, 1, 1;
L_00000000015ed1f0 .part L_00000000015ebf30, 0, 1;
L_00000000015ed650 .part L_00000000015ec750, 2, 1;
L_00000000015f0030 .part L_00000000015ec750, 1, 1;
L_00000000015ee410 .part L_00000000015ec750, 0, 1;
S_00000000001be0a0 .scope module, "gpn" "gpn" 2 75;
 .timescale -9 -12;
    .port_info 0 /INPUT 4 "gin";
    .port_info 1 /INPUT 4 "pin";
    .port_info 2 /INPUT 1 "cin";
    .port_info 3 /OUTPUT 1 "gout";
    .port_info 4 /OUTPUT 1 "pout";
    .port_info 5 /OUTPUT 3 "cout";
P_0000000001159ff0 .param/l "N" 0 2 76, +C4<00000000000000000000000000000100>;
o00000000015962c8 .functor BUFZ 1, C4<z>; HiZ drive
v00000000015db940_0 .net "cin", 0 0, o00000000015962c8;  0 drivers
o00000000015962f8 .functor BUFZ 3, C4<zzz>; HiZ drive
v00000000015dd4c0_0 .net "cout", 2 0, o00000000015962f8;  0 drivers
o0000000001596328 .functor BUFZ 4, C4<zzzz>; HiZ drive
v00000000015db080_0 .net "gin", 3 0, o0000000001596328;  0 drivers
o0000000001596358 .functor BUFZ 1, C4<z>; HiZ drive
v00000000015dbf80_0 .net "gout", 0 0, o0000000001596358;  0 drivers
o0000000001596388 .functor BUFZ 4, C4<zzzz>; HiZ drive
v00000000015db120_0 .net "pin", 3 0, o0000000001596388;  0 drivers
o00000000015963b8 .functor BUFZ 1, C4<z>; HiZ drive
v00000000015dbe40_0 .net "pout", 0 0, o00000000015963b8;  0 drivers
# The file index is used to find the file name in the following table.
:file_names 3;
    "N/A";
    "<interactive>";
    "lc4_cla.v";
